{"/home/travis/build/npmtest/node-npmtest-twit/test.js":{"path":"/home/travis/build/npmtest/node-npmtest-twit/test.js","s":{"1":2,"2":2,"3":2,"4":2,"5":2,"6":2,"7":2,"8":1,"9":2,"10":2,"11":1,"12":1,"13":1,"14":1,"15":2,"16":2,"17":2,"18":2,"19":1,"20":1,"21":2,"22":2,"23":2,"24":1,"25":1,"26":1,"27":1,"28":1,"29":1,"30":1,"31":1,"32":1,"33":1,"34":1,"35":1,"36":2,"37":2,"38":1,"39":2,"40":2,"41":1,"42":2,"43":2,"44":1,"45":1,"46":1,"47":1,"48":1},"b":{"1":[2,1,1,1],"2":[1,1,1,1],"3":[1,1],"4":[1,1],"5":[1,1],"6":[1,1],"7":[1,1],"8":[1,1],"9":[1,1,1],"10":[1,1],"11":[1,1],"12":[1,1],"13":[1,1],"14":[1,1],"15":[1,1]},"f":{"1":2,"2":2,"3":2,"4":2,"5":2,"6":1,"7":1,"8":2,"9":2,"10":2,"11":1},"fnMap":{"1":{"name":"(anonymous_1)","line":12,"loc":{"start":{"line":12,"column":1},"end":{"line":12,"column":13}}},"2":{"name":"(anonymous_2)","line":19,"loc":{"start":{"line":19,"column":5},"end":{"line":19,"column":17}}},"3":{"name":"(anonymous_3)","line":23,"loc":{"start":{"line":23,"column":24},"end":{"line":23,"column":36}}},"4":{"name":"(anonymous_4)","line":61,"loc":{"start":{"line":61,"column":5},"end":{"line":61,"column":17}}},"5":{"name":"(anonymous_5)","line":82,"loc":{"start":{"line":82,"column":5},"end":{"line":82,"column":17}}},"6":{"name":"(anonymous_6)","line":102,"loc":{"start":{"line":102,"column":83},"end":{"line":105,"column":10}},"skip":true},"7":{"name":"(anonymous_7)","line":113,"loc":{"start":{"line":113,"column":77},"end":{"line":116,"column":10}},"skip":true},"8":{"name":"(anonymous_8)","line":127,"loc":{"start":{"line":127,"column":77},"end":{"line":130,"column":10}},"skip":true},"9":{"name":"(anonymous_9)","line":138,"loc":{"start":{"line":138,"column":83},"end":{"line":141,"column":10}},"skip":true},"10":{"name":"(anonymous_10)","line":149,"loc":{"start":{"line":149,"column":79},"end":{"line":152,"column":10}},"skip":true},"11":{"name":"(anonymous_11)","line":160,"loc":{"start":{"line":160,"column":75},"end":{"line":163,"column":10}},"skip":true}},"statementMap":{"1":{"start":{"line":12,"column":0},"end":{"line":175,"column":5}},"2":{"start":{"line":14,"column":4},"end":{"line":14,"column":14}},"3":{"start":{"line":19,"column":4},"end":{"line":56,"column":9}},"4":{"start":{"line":21,"column":8},"end":{"line":21,"column":19}},"5":{"start":{"line":23,"column":8},"end":{"line":35,"column":13}},"6":{"start":{"line":24,"column":12},"end":{"line":34,"column":13}},"7":{"start":{"line":25,"column":16},"end":{"line":28,"column":30}},"8":{"start":{"line":30,"column":16},"end":{"line":33,"column":27}},"9":{"start":{"line":37,"column":8},"end":{"line":39,"column":21}},"10":{"start":{"line":40,"column":8},"end":{"line":53,"column":9}},"11":{"start":{"line":43,"column":12},"end":{"line":46,"column":14}},"12":{"start":{"line":47,"column":12},"end":{"line":47,"column":18}},"13":{"start":{"line":50,"column":12},"end":{"line":51,"column":46}},"14":{"start":{"line":52,"column":12},"end":{"line":52,"column":18}},"15":{"start":{"line":55,"column":8},"end":{"line":55,"column":35}},"16":{"start":{"line":61,"column":4},"end":{"line":63,"column":9}},"17":{"start":{"line":62,"column":8},"end":{"line":62,"column":15}},"18":{"start":{"line":64,"column":4},"end":{"line":77,"column":5}},"19":{"start":{"line":70,"column":8},"end":{"line":70,"column":14}},"20":{"start":{"line":76,"column":8},"end":{"line":76,"column":14}},"21":{"start":{"line":82,"column":4},"end":{"line":84,"column":9}},"22":{"start":{"line":83,"column":8},"end":{"line":83,"column":15}},"23":{"start":{"line":85,"column":4},"end":{"line":174,"column":5}},"24":{"start":{"line":92,"column":8},"end":{"line":94,"column":63}},"25":{"start":{"line":95,"column":8},"end":{"line":95,"column":14}},"26":{"start":{"line":102,"column":8},"end":{"line":111,"column":10},"skip":true},"27":{"start":{"line":109,"column":12},"end":{"line":109,"column":55},"skip":true},"28":{"start":{"line":110,"column":12},"end":{"line":110,"column":48},"skip":true},"29":{"start":{"line":113,"column":8},"end":{"line":125,"column":10},"skip":true},"30":{"start":{"line":120,"column":12},"end":{"line":120,"column":76},"skip":true},"31":{"start":{"line":121,"column":12},"end":{"line":121,"column":73},"skip":true},"32":{"start":{"line":122,"column":12},"end":{"line":122,"column":74},"skip":true},"33":{"start":{"line":123,"column":12},"end":{"line":123,"column":25},"skip":true},"34":{"start":{"line":124,"column":12},"end":{"line":124,"column":45},"skip":true},"35":{"start":{"line":127,"column":8},"end":{"line":136,"column":10},"skip":true},"36":{"start":{"line":134,"column":12},"end":{"line":134,"column":25},"skip":true},"37":{"start":{"line":135,"column":12},"end":{"line":135,"column":45},"skip":true},"38":{"start":{"line":138,"column":8},"end":{"line":147,"column":10},"skip":true},"39":{"start":{"line":145,"column":12},"end":{"line":145,"column":25},"skip":true},"40":{"start":{"line":146,"column":12},"end":{"line":146,"column":48},"skip":true},"41":{"start":{"line":149,"column":8},"end":{"line":158,"column":10},"skip":true},"42":{"start":{"line":156,"column":12},"end":{"line":156,"column":25},"skip":true},"43":{"start":{"line":157,"column":12},"end":{"line":157,"column":46},"skip":true},"44":{"start":{"line":160,"column":8},"end":{"line":169,"column":10},"skip":true},"45":{"start":{"line":167,"column":12},"end":{"line":167,"column":94},"skip":true},"46":{"start":{"line":168,"column":12},"end":{"line":168,"column":48},"skip":true},"47":{"start":{"line":172,"column":8},"end":{"line":172,"column":35},"skip":true},"48":{"start":{"line":173,"column":8},"end":{"line":173,"column":14},"skip":true}},"branchMap":{"1":{"line":25,"type":"binary-expr","locations":[{"start":{"line":25,"column":23},"end":{"line":25,"column":62}},{"start":{"line":26,"column":20},"end":{"line":26,"column":70}},{"start":{"line":27,"column":20},"end":{"line":27,"column":71}},{"start":{"line":28,"column":20},"end":{"line":28,"column":29}}]},"2":{"line":30,"type":"binary-expr","locations":[{"start":{"line":30,"column":23},"end":{"line":30,"column":37}},{"start":{"line":31,"column":20},"end":{"line":31,"column":61}},{"start":{"line":32,"column":20},"end":{"line":32,"column":70}},{"start":{"line":33,"column":20},"end":{"line":33,"column":26}}]},"3":{"line":37,"type":"cond-expr","locations":[{"start":{"line":38,"column":14},"end":{"line":38,"column":20}},{"start":{"line":39,"column":14},"end":{"line":39,"column":20}}]},"4":{"line":40,"type":"switch","locations":[{"start":{"line":42,"column":8},"end":{"line":47,"column":18}},{"start":{"line":49,"column":8},"end":{"line":52,"column":18}}]},"5":{"line":44,"type":"binary-expr","locations":[{"start":{"line":44,"column":16},"end":{"line":44,"column":44}},{"start":{"line":44,"column":48},"end":{"line":44,"column":66}}]},"6":{"line":50,"type":"binary-expr","locations":[{"start":{"line":50,"column":21},"end":{"line":50,"column":49}},{"start":{"line":50,"column":53},"end":{"line":50,"column":72}}]},"7":{"line":64,"type":"switch","locations":[{"start":{"line":69,"column":4},"end":{"line":70,"column":14}},{"start":{"line":75,"column":4},"end":{"line":76,"column":14}}]},"8":{"line":85,"type":"switch","locations":[{"start":{"line":90,"column":4},"end":{"line":95,"column":14}},{"start":{"line":101,"column":4},"end":{"line":173,"column":14},"skip":true}]},"9":{"line":92,"type":"binary-expr","locations":[{"start":{"line":92,"column":18},"end":{"line":92,"column":32}},{"start":{"line":93,"column":12},"end":{"line":93,"column":53}},{"start":{"line":94,"column":12},"end":{"line":94,"column":61}}]},"10":{"line":102,"type":"binary-expr","locations":[{"start":{"line":102,"column":45},"end":{"line":102,"column":79},"skip":true},{"start":{"line":102,"column":83},"end":{"line":111,"column":9},"skip":true}]},"11":{"line":113,"type":"binary-expr","locations":[{"start":{"line":113,"column":42},"end":{"line":113,"column":73},"skip":true},{"start":{"line":113,"column":77},"end":{"line":125,"column":9},"skip":true}]},"12":{"line":127,"type":"binary-expr","locations":[{"start":{"line":127,"column":42},"end":{"line":127,"column":73},"skip":true},{"start":{"line":127,"column":77},"end":{"line":136,"column":9},"skip":true}]},"13":{"line":138,"type":"binary-expr","locations":[{"start":{"line":138,"column":45},"end":{"line":138,"column":79},"skip":true},{"start":{"line":138,"column":83},"end":{"line":147,"column":9},"skip":true}]},"14":{"line":149,"type":"binary-expr","locations":[{"start":{"line":149,"column":43},"end":{"line":149,"column":75},"skip":true},{"start":{"line":149,"column":79},"end":{"line":158,"column":9},"skip":true}]},"15":{"line":160,"type":"binary-expr","locations":[{"start":{"line":160,"column":41},"end":{"line":160,"column":71},"skip":true},{"start":{"line":160,"column":75},"end":{"line":169,"column":9},"skip":true}]}},"code":["/* istanbul instrument in package npmtest_twit */","/*jslint","    bitwise: true,","    browser: true,","    maxerr: 8,","    maxlen: 96,","    node: true,","    nomen: true,","    regexp: true,","    stupid: true","*/","(function () {","    'use strict';","    var local;","","","","    // run shared js-env code - pre-init","    (function () {","        // init local","        local = {};","        // init modeJs","        local.modeJs = (function () {","            try {","                return typeof navigator.userAgent === 'string' &&","                    typeof document.querySelector('body') === 'object' &&","                    typeof XMLHttpRequest.prototype.open === 'function' &&","                    'browser';","            } catch (errorCaughtBrowser) {","                return module.exports &&","                    typeof process.versions.node === 'string' &&","                    typeof require('http').createServer === 'function' &&","                    'node';","            }","        }());","        // init global","        local.global = local.modeJs === 'browser'","            ? window","            : global;","        switch (local.modeJs) {","        // re-init local from window.local","        case 'browser':","            local = local.global.utility2.objectSetDefault(","                local.global.utility2_rollup || local.global.local,","                local.global.utility2","            );","            break;","        // re-init local from example.js","        case 'node':","            local = (local.global.utility2_rollup || require('utility2'))","                .requireExampleJsFromReadme();","            break;","        }","        // export local","        local.global.local = local;","    }());","","","","    // run shared js-env code - function","    (function () {","        return;","    }());","    switch (local.modeJs) {","","","","    // run browser js-env code - function","    case 'browser':","        break;","","","","    // run node js-env code - function","    case 'node':","        break;","    }","","","","    // run shared js-env code - post-init","    (function () {","        return;","    }());","    switch (local.modeJs) {","","","","    // run browser js-env code - post-init","    case 'browser':","        // run tests","        local.nop(local.modeTest &&","            document.querySelector('#testRunButton1') &&","            document.querySelector('#testRunButton1').click());","        break;","","","","    // run node js-env code - post-init","    /* istanbul ignore next */","    case 'node':","        local.testCase_buildApidoc_default = local.testCase_buildApidoc_default || function (","            options,","            onError","        ) {","        /*","         * this function will test buildApidoc's default handling-behavior-behavior","         */","            options = { modulePathList: module.paths };","            local.buildApidoc(options, onError);","        };","","        local.testCase_buildApp_default = local.testCase_buildApp_default || function (","            options,","            onError","        ) {","        /*","         * this function will test buildApp's default handling-behavior-behavior","         */","            local.testCase_buildReadme_default(options, local.onErrorThrow);","            local.testCase_buildLib_default(options, local.onErrorThrow);","            local.testCase_buildTest_default(options, local.onErrorThrow);","            options = [];","            local.buildApp(options, onError);","        };","","        local.testCase_buildLib_default = local.testCase_buildLib_default || function (","            options,","            onError","        ) {","        /*","         * this function will test buildLib's default handling-behavior","         */","            options = {};","            local.buildLib(options, onError);","        };","","        local.testCase_buildReadme_default = local.testCase_buildReadme_default || function (","            options,","            onError","        ) {","        /*","         * this function will test buildReadme's default handling-behavior-behavior","         */","            options = {};","            local.buildReadme(options, onError);","        };","","        local.testCase_buildTest_default = local.testCase_buildTest_default || function (","            options,","            onError","        ) {","        /*","         * this function will test buildTest's default handling-behavior","         */","            options = {};","            local.buildTest(options, onError);","        };","","        local.testCase_webpage_default = local.testCase_webpage_default || function (","            options,","            onError","        ) {","        /*","         * this function will test webpage's default handling-behavior","         */","            options = { modeCoverageMerge: true, url: local.serverLocalHost + '?modeTest=1' };","            local.browserTest(options, onError);","        };","","        // run test-server","        local.testRunServer(local);","        break;","    }","}());",""],"l":{"12":2,"14":2,"19":2,"21":2,"23":2,"24":2,"25":2,"30":1,"37":2,"40":2,"43":1,"47":1,"50":1,"52":1,"55":2,"61":2,"62":2,"64":2,"70":1,"76":1,"82":2,"83":2,"85":2,"92":1,"95":1,"102":1,"109":1,"110":1,"113":1,"120":1,"121":1,"122":1,"123":1,"124":1,"127":1,"134":2,"135":2,"138":1,"145":2,"146":2,"149":1,"156":2,"157":2,"160":1,"167":1,"168":1,"172":1,"173":1}},"/home/travis/build/npmtest/node-npmtest-twit/lib.npmtest_twit.js":{"path":"/home/travis/build/npmtest/node-npmtest-twit/lib.npmtest_twit.js","s":{"1":2,"2":2,"3":2,"4":2,"5":2,"6":2,"7":2,"8":1,"9":2,"10":2,"11":2,"12":2,"13":1,"14":1,"15":1,"16":1},"b":{"1":[2,1,1,1],"2":[1,1,1,1],"3":[1,1],"4":[2,2],"5":[1,1]},"f":{"1":2,"2":2,"3":2},"fnMap":{"1":{"name":"(anonymous_1)","line":12,"loc":{"start":{"line":12,"column":1},"end":{"line":12,"column":13}}},"2":{"name":"(anonymous_2)","line":19,"loc":{"start":{"line":19,"column":5},"end":{"line":19,"column":17}}},"3":{"name":"(anonymous_3)","line":23,"loc":{"start":{"line":23,"column":24},"end":{"line":23,"column":36}}}},"statementMap":{"1":{"start":{"line":12,"column":0},"end":{"line":53,"column":5}},"2":{"start":{"line":14,"column":4},"end":{"line":14,"column":14}},"3":{"start":{"line":19,"column":4},"end":{"line":52,"column":9}},"4":{"start":{"line":21,"column":8},"end":{"line":21,"column":19}},"5":{"start":{"line":23,"column":8},"end":{"line":35,"column":13}},"6":{"start":{"line":24,"column":12},"end":{"line":34,"column":13}},"7":{"start":{"line":25,"column":16},"end":{"line":28,"column":30}},"8":{"start":{"line":30,"column":16},"end":{"line":33,"column":27}},"9":{"start":{"line":37,"column":8},"end":{"line":39,"column":21}},"10":{"start":{"line":41,"column":8},"end":{"line":41,"column":54}},"11":{"start":{"line":43,"column":8},"end":{"line":43,"column":49}},"12":{"start":{"line":45,"column":8},"end":{"line":51,"column":9}},"13":{"start":{"line":46,"column":12},"end":{"line":46,"column":55}},"14":{"start":{"line":48,"column":12},"end":{"line":48,"column":35}},"15":{"start":{"line":49,"column":12},"end":{"line":49,"column":49}},"16":{"start":{"line":50,"column":12},"end":{"line":50,"column":43}}},"branchMap":{"1":{"line":25,"type":"binary-expr","locations":[{"start":{"line":25,"column":23},"end":{"line":25,"column":62}},{"start":{"line":26,"column":20},"end":{"line":26,"column":70}},{"start":{"line":27,"column":20},"end":{"line":27,"column":71}},{"start":{"line":28,"column":20},"end":{"line":28,"column":29}}]},"2":{"line":30,"type":"binary-expr","locations":[{"start":{"line":30,"column":23},"end":{"line":30,"column":37}},{"start":{"line":31,"column":20},"end":{"line":31,"column":61}},{"start":{"line":32,"column":20},"end":{"line":32,"column":70}},{"start":{"line":33,"column":20},"end":{"line":33,"column":26}}]},"3":{"line":37,"type":"cond-expr","locations":[{"start":{"line":38,"column":14},"end":{"line":38,"column":20}},{"start":{"line":39,"column":14},"end":{"line":39,"column":20}}]},"4":{"line":41,"type":"binary-expr","locations":[{"start":{"line":41,"column":16},"end":{"line":41,"column":44}},{"start":{"line":41,"column":48},"end":{"line":41,"column":53}}]},"5":{"line":45,"type":"if","locations":[{"start":{"line":45,"column":8},"end":{"line":45,"column":8}},{"start":{"line":45,"column":8},"end":{"line":45,"column":8}}]}},"code":["/* istanbul instrument in package npmtest_twit */","/*jslint","    bitwise: true,","    browser: true,","    maxerr: 8,","    maxlen: 96,","    node: true,","    nomen: true,","    regexp: true,","    stupid: true","*/","(function () {","    'use strict';","    var local;","","","","    // run shared js-env code - pre-init","    (function () {","        // init local","        local = {};","        // init modeJs","        local.modeJs = (function () {","            try {","                return typeof navigator.userAgent === 'string' &&","                    typeof document.querySelector('body') === 'object' &&","                    typeof XMLHttpRequest.prototype.open === 'function' &&","                    'browser';","            } catch (errorCaughtBrowser) {","                return module.exports &&","                    typeof process.versions.node === 'string' &&","                    typeof require('http').createServer === 'function' &&","                    'node';","            }","        }());","        // init global","        local.global = local.modeJs === 'browser'","            ? window","            : global;","        // init utility2_rollup","        local = local.global.utility2_rollup || local;","        // init lib","        local.local = local.npmtest_twit = local;","        // init exports","        if (local.modeJs === 'browser') {","            local.global.utility2_npmtest_twit = local;","        } else {","            module.exports = local;","            module.exports.__dirname = __dirname;","            module.exports.module = module;","        }","    }());","}());",""],"l":{"12":2,"14":2,"19":2,"21":2,"23":2,"24":2,"25":2,"30":1,"37":2,"41":2,"43":2,"45":2,"46":1,"48":1,"49":1,"50":1}},"/home/travis/build/npmtest/node-npmtest-twit/example.js":{"path":"/home/travis/build/npmtest/node-npmtest-twit/example.js","s":{"1":2,"2":2,"3":2,"4":2,"5":2,"6":2,"7":2,"8":1,"9":2,"10":2,"11":2,"12":2,"13":1,"14":2,"15":2,"16":2,"17":2,"18":2,"19":0,"20":2,"21":1,"22":1,"23":1,"24":1,"25":1,"26":0,"27":0,"28":1,"29":1,"30":2,"31":0,"32":0,"33":0,"34":1,"35":2,"36":2,"37":2,"38":2,"39":2,"40":2,"41":0,"42":2,"43":2,"44":2,"45":1,"46":3,"47":1,"48":1,"49":1,"50":1,"51":1,"52":1,"53":1,"54":1,"55":1,"56":1,"57":0,"58":1,"59":6,"60":6,"61":1,"62":2,"63":0,"64":2,"65":1,"66":1,"67":0,"68":0,"69":0,"70":0,"71":0,"72":0,"73":0,"74":0,"75":0,"76":0,"77":0,"78":0,"79":0,"80":0,"81":0,"82":0,"83":0},"b":{"1":[2,1,1,1],"2":[1,1,1,1],"3":[1,1],"4":[2,2],"5":[1,1],"6":[1,1],"7":[2,0],"8":[2,1,1,1,1,1],"9":[0,2,0],"10":[1,1],"11":[2,1,1],"12":[1,0],"13":[0,2],"14":[2,0,0,0,0,0,0],"15":[0,2],"16":[2,0],"17":[1,1],"18":[0,1],"19":[1,2,0,2],"20":[1,0],"21":[1,1],"22":[0,0],"23":[0,0],"24":[0,0],"25":[0,0],"26":[0,0],"27":[0,0],"28":[0,0]},"f":{"1":2,"2":2,"3":2,"4":2,"5":2,"6":2,"7":2,"8":2,"9":3,"10":1,"11":6,"12":0},"fnMap":{"1":{"name":"(anonymous_1)","line":26,"loc":{"start":{"line":26,"column":1},"end":{"line":26,"column":13}}},"2":{"name":"(anonymous_2)","line":33,"loc":{"start":{"line":33,"column":5},"end":{"line":33,"column":17}}},"3":{"name":"(anonymous_3)","line":37,"loc":{"start":{"line":37,"column":24},"end":{"line":37,"column":36}}},"4":{"name":"(anonymous_4)","line":69,"loc":{"start":{"line":69,"column":31},"end":{"line":69,"column":48}},"skip":true},"5":{"name":"(anonymous_5)","line":78,"loc":{"start":{"line":78,"column":26},"end":{"line":78,"column":45}},"skip":true},"6":{"name":"(anonymous_6)","line":123,"loc":{"start":{"line":123,"column":33},"end":{"line":123,"column":48}},"skip":true},"7":{"name":"(anonymous_7)","line":125,"loc":{"start":{"line":125,"column":27},"end":{"line":125,"column":39}},"skip":true},"8":{"name":"(anonymous_8)","line":133,"loc":{"start":{"line":133,"column":59},"end":{"line":133,"column":74}},"skip":true},"9":{"name":"(anonymous_9)","line":143,"loc":{"start":{"line":143,"column":45},"end":{"line":143,"column":62}},"skip":true},"10":{"name":"(anonymous_10)","line":144,"loc":{"start":{"line":144,"column":73},"end":{"line":144,"column":92}},"skip":true},"11":{"name":"(anonymous_11)","line":272,"loc":{"start":{"line":272,"column":51},"end":{"line":272,"column":77}},"skip":true},"12":{"name":"(anonymous_12)","line":314,"loc":{"start":{"line":314,"column":32},"end":{"line":314,"column":61}},"skip":true}},"statementMap":{"1":{"start":{"line":26,"column":0},"end":{"line":325,"column":5}},"2":{"start":{"line":28,"column":4},"end":{"line":28,"column":14}},"3":{"start":{"line":33,"column":4},"end":{"line":60,"column":9}},"4":{"start":{"line":35,"column":8},"end":{"line":35,"column":19}},"5":{"start":{"line":37,"column":8},"end":{"line":49,"column":13}},"6":{"start":{"line":38,"column":12},"end":{"line":48,"column":13}},"7":{"start":{"line":39,"column":16},"end":{"line":42,"column":30}},"8":{"start":{"line":44,"column":16},"end":{"line":47,"column":27}},"9":{"start":{"line":51,"column":8},"end":{"line":53,"column":21}},"10":{"start":{"line":55,"column":8},"end":{"line":57,"column":45}},"11":{"start":{"line":59,"column":8},"end":{"line":59,"column":35}},"12":{"start":{"line":61,"column":4},"end":{"line":324,"column":5}},"13":{"start":{"line":69,"column":8},"end":{"line":121,"column":10},"skip":true},"14":{"start":{"line":70,"column":12},"end":{"line":88,"column":13},"skip":true},"15":{"start":{"line":76,"column":16},"end":{"line":87,"column":19},"skip":true},"16":{"start":{"line":79,"column":20},"end":{"line":86,"column":21},"skip":true},"17":{"start":{"line":82,"column":24},"end":{"line":82,"column":43},"skip":true},"18":{"start":{"line":83,"column":24},"end":{"line":83,"column":30},"skip":true},"19":{"start":{"line":85,"column":24},"end":{"line":85,"column":49},"skip":true},"20":{"start":{"line":89,"column":12},"end":{"line":107,"column":13},"skip":true},"21":{"start":{"line":92,"column":16},"end":{"line":102,"column":17},"skip":true},"22":{"start":{"line":93,"column":20},"end":{"line":93,"column":86},"skip":true},"23":{"start":{"line":94,"column":20},"end":{"line":95,"column":45},"skip":true},"24":{"start":{"line":96,"column":20},"end":{"line":96,"column":42},"skip":true},"25":{"start":{"line":97,"column":20},"end":{"line":97,"column":48},"skip":true},"26":{"start":{"line":100,"column":20},"end":{"line":100,"column":85},"skip":true},"27":{"start":{"line":101,"column":20},"end":{"line":101,"column":96},"skip":true},"28":{"start":{"line":103,"column":16},"end":{"line":103,"column":22},"skip":true},"29":{"start":{"line":106,"column":16},"end":{"line":106,"column":22},"skip":true},"30":{"start":{"line":108,"column":12},"end":{"line":120,"column":13},"skip":true},"31":{"start":{"line":114,"column":16},"end":{"line":119,"column":17},"skip":true},"32":{"start":{"line":116,"column":20},"end":{"line":116,"column":78},"skip":true},"33":{"start":{"line":118,"column":20},"end":{"line":118,"column":53},"skip":true},"34":{"start":{"line":123,"column":8},"end":{"line":141,"column":11},"skip":true},"35":{"start":{"line":124,"column":12},"end":{"line":124,"column":54},"skip":true},"36":{"start":{"line":125,"column":12},"end":{"line":140,"column":14},"skip":true},"37":{"start":{"line":126,"column":16},"end":{"line":126,"column":28},"skip":true},"38":{"start":{"line":127,"column":16},"end":{"line":127,"column":69},"skip":true},"39":{"start":{"line":128,"column":16},"end":{"line":128,"column":75},"skip":true},"40":{"start":{"line":129,"column":16},"end":{"line":131,"column":17},"skip":true},"41":{"start":{"line":130,"column":20},"end":{"line":130,"column":27},"skip":true},"42":{"start":{"line":133,"column":16},"end":{"line":137,"column":36},"skip":true},"43":{"start":{"line":134,"column":20},"end":{"line":136,"column":55},"skip":true},"44":{"start":{"line":139,"column":16},"end":{"line":139,"column":57},"skip":true},"45":{"start":{"line":143,"column":8},"end":{"line":147,"column":11},"skip":true},"46":{"start":{"line":144,"column":12},"end":{"line":146,"column":15},"skip":true},"47":{"start":{"line":145,"column":16},"end":{"line":145,"column":70},"skip":true},"48":{"start":{"line":149,"column":8},"end":{"line":149,"column":31},"skip":true},"49":{"start":{"line":150,"column":8},"end":{"line":150,"column":14},"skip":true},"50":{"start":{"line":158,"column":8},"end":{"line":158,"column":31},"skip":true},"51":{"start":{"line":160,"column":8},"end":{"line":160,"column":33},"skip":true},"52":{"start":{"line":161,"column":8},"end":{"line":161,"column":37},"skip":true},"53":{"start":{"line":162,"column":8},"end":{"line":162,"column":35},"skip":true},"54":{"start":{"line":164,"column":8},"end":{"line":164,"column":50},"skip":true},"55":{"start":{"line":166,"column":8},"end":{"line":256,"column":2},"skip":true},"56":{"start":{"line":258,"column":8},"end":{"line":286,"column":9},"skip":true},"57":{"start":{"line":259,"column":12},"end":{"line":269,"column":14},"skip":true},"58":{"start":{"line":271,"column":12},"end":{"line":285,"column":19},"skip":true},"59":{"start":{"line":274,"column":20},"end":{"line":274,"column":35},"skip":true},"60":{"start":{"line":275,"column":20},"end":{"line":284,"column":21},"skip":true},"61":{"start":{"line":277,"column":24},"end":{"line":277,"column":64},"skip":true},"62":{"start":{"line":279,"column":24},"end":{"line":279,"column":40},"skip":true},"63":{"start":{"line":281,"column":24},"end":{"line":281,"column":40},"skip":true},"64":{"start":{"line":283,"column":24},"end":{"line":283,"column":39},"skip":true},"65":{"start":{"line":288,"column":8},"end":{"line":290,"column":9},"skip":true},"66":{"start":{"line":289,"column":12},"end":{"line":289,"column":18},"skip":true},"67":{"start":{"line":291,"column":8},"end":{"line":293,"column":54},"skip":true},"68":{"start":{"line":294,"column":8},"end":{"line":301,"column":37},"skip":true},"69":{"start":{"line":302,"column":8},"end":{"line":302,"column":82},"skip":true},"70":{"start":{"line":305,"column":8},"end":{"line":307,"column":9},"skip":true},"71":{"start":{"line":306,"column":12},"end":{"line":306,"column":82},"skip":true},"72":{"start":{"line":309,"column":8},"end":{"line":311,"column":9},"skip":true},"73":{"start":{"line":310,"column":12},"end":{"line":310,"column":18},"skip":true},"74":{"start":{"line":312,"column":8},"end":{"line":312,"column":54},"skip":true},"75":{"start":{"line":313,"column":8},"end":{"line":313,"column":69},"skip":true},"76":{"start":{"line":314,"column":8},"end":{"line":322,"column":36},"skip":true},"77":{"start":{"line":315,"column":12},"end":{"line":315,"column":61},"skip":true},"78":{"start":{"line":316,"column":12},"end":{"line":319,"column":13},"skip":true},"79":{"start":{"line":317,"column":16},"end":{"line":317,"column":75},"skip":true},"80":{"start":{"line":318,"column":16},"end":{"line":318,"column":23},"skip":true},"81":{"start":{"line":320,"column":12},"end":{"line":320,"column":38},"skip":true},"82":{"start":{"line":321,"column":12},"end":{"line":321,"column":27},"skip":true},"83":{"start":{"line":323,"column":8},"end":{"line":323,"column":14},"skip":true}},"branchMap":{"1":{"line":39,"type":"binary-expr","locations":[{"start":{"line":39,"column":23},"end":{"line":39,"column":62}},{"start":{"line":40,"column":20},"end":{"line":40,"column":70}},{"start":{"line":41,"column":20},"end":{"line":41,"column":71}},{"start":{"line":42,"column":20},"end":{"line":42,"column":29}}]},"2":{"line":44,"type":"binary-expr","locations":[{"start":{"line":44,"column":23},"end":{"line":44,"column":37}},{"start":{"line":45,"column":20},"end":{"line":45,"column":61}},{"start":{"line":46,"column":20},"end":{"line":46,"column":70}},{"start":{"line":47,"column":20},"end":{"line":47,"column":26}}]},"3":{"line":51,"type":"cond-expr","locations":[{"start":{"line":52,"column":14},"end":{"line":52,"column":20}},{"start":{"line":53,"column":14},"end":{"line":53,"column":20}}]},"4":{"line":55,"type":"binary-expr","locations":[{"start":{"line":55,"column":16},"end":{"line":55,"column":44}},{"start":{"line":55,"column":49},"end":{"line":57,"column":43}}]},"5":{"line":55,"type":"cond-expr","locations":[{"start":{"line":56,"column":14},"end":{"line":56,"column":48}},{"start":{"line":57,"column":14},"end":{"line":57,"column":43}}]},"6":{"line":61,"type":"switch","locations":[{"start":{"line":68,"column":4},"end":{"line":150,"column":14},"skip":true},{"start":{"line":156,"column":4},"end":{"line":323,"column":14},"skip":true}]},"7":{"line":70,"type":"if","locations":[{"start":{"line":70,"column":12},"end":{"line":70,"column":12},"skip":true},{"start":{"line":70,"column":12},"end":{"line":70,"column":12},"skip":true}]},"8":{"line":70,"type":"binary-expr","locations":[{"start":{"line":70,"column":16},"end":{"line":70,"column":22},"skip":true},{"start":{"line":70,"column":27},"end":{"line":70,"column":32},"skip":true},{"start":{"line":71,"column":20},"end":{"line":71,"column":39},"skip":true},{"start":{"line":72,"column":20},"end":{"line":72,"column":49},"skip":true},{"start":{"line":73,"column":20},"end":{"line":73,"column":58},"skip":true},{"start":{"line":74,"column":20},"end":{"line":74,"column":69},"skip":true}]},"9":{"line":79,"type":"switch","locations":[{"start":{"line":80,"column":20},"end":{"line":80,"column":33},"skip":true},{"start":{"line":81,"column":20},"end":{"line":83,"column":30},"skip":true},{"start":{"line":84,"column":20},"end":{"line":85,"column":49},"skip":true}]},"10":{"line":89,"type":"switch","locations":[{"start":{"line":90,"column":12},"end":{"line":103,"column":22},"skip":true},{"start":{"line":105,"column":12},"end":{"line":106,"column":22},"skip":true}]},"11":{"line":89,"type":"binary-expr","locations":[{"start":{"line":89,"column":20},"end":{"line":89,"column":25},"skip":true},{"start":{"line":89,"column":29},"end":{"line":89,"column":48},"skip":true},{"start":{"line":89,"column":52},"end":{"line":89,"column":74},"skip":true}]},"12":{"line":92,"type":"if","locations":[{"start":{"line":92,"column":16},"end":{"line":92,"column":16},"skip":true},{"start":{"line":92,"column":16},"end":{"line":92,"column":16},"skip":true}]},"13":{"line":108,"type":"if","locations":[{"start":{"line":108,"column":12},"end":{"line":108,"column":12},"skip":true},{"start":{"line":108,"column":12},"end":{"line":108,"column":12},"skip":true}]},"14":{"line":108,"type":"binary-expr","locations":[{"start":{"line":108,"column":16},"end":{"line":108,"column":61},"skip":true},{"start":{"line":108,"column":66},"end":{"line":108,"column":72},"skip":true},{"start":{"line":108,"column":77},"end":{"line":108,"column":82},"skip":true},{"start":{"line":109,"column":20},"end":{"line":109,"column":39},"skip":true},{"start":{"line":110,"column":20},"end":{"line":110,"column":49},"skip":true},{"start":{"line":111,"column":20},"end":{"line":111,"column":58},"skip":true},{"start":{"line":112,"column":20},"end":{"line":112,"column":68},"skip":true}]},"15":{"line":129,"type":"if","locations":[{"start":{"line":129,"column":16},"end":{"line":129,"column":16},"skip":true},{"start":{"line":129,"column":16},"end":{"line":129,"column":16},"skip":true}]},"16":{"line":134,"type":"cond-expr","locations":[{"start":{"line":135,"column":26},"end":{"line":135,"column":29},"skip":true},{"start":{"line":136,"column":26},"end":{"line":136,"column":54},"skip":true}]},"17":{"line":164,"type":"binary-expr","locations":[{"start":{"line":164,"column":27},"end":{"line":164,"column":43},"skip":true},{"start":{"line":164,"column":47},"end":{"line":164,"column":49},"skip":true}]},"18":{"line":258,"type":"if","locations":[{"start":{"line":258,"column":8},"end":{"line":258,"column":8},"skip":true},{"start":{"line":258,"column":8},"end":{"line":258,"column":8},"skip":true}]},"19":{"line":275,"type":"switch","locations":[{"start":{"line":276,"column":20},"end":{"line":277,"column":64},"skip":true},{"start":{"line":278,"column":20},"end":{"line":279,"column":40},"skip":true},{"start":{"line":280,"column":20},"end":{"line":281,"column":40},"skip":true},{"start":{"line":282,"column":20},"end":{"line":283,"column":39},"skip":true}]},"20":{"line":288,"type":"if","locations":[{"start":{"line":288,"column":8},"end":{"line":288,"column":8},"skip":true},{"start":{"line":288,"column":8},"end":{"line":288,"column":8},"skip":true}]},"21":{"line":288,"type":"binary-expr","locations":[{"start":{"line":288,"column":12},"end":{"line":288,"column":40},"skip":true},{"start":{"line":288,"column":44},"end":{"line":288,"column":67},"skip":true}]},"22":{"line":292,"type":"binary-expr","locations":[{"start":{"line":292,"column":12},"end":{"line":292,"column":50},"skip":true},{"start":{"line":293,"column":12},"end":{"line":293,"column":53},"skip":true}]},"23":{"line":295,"type":"binary-expr","locations":[{"start":{"line":295,"column":12},"end":{"line":295,"column":62},"skip":true},{"start":{"line":296,"column":12},"end":{"line":301,"column":36},"skip":true}]},"24":{"line":302,"type":"binary-expr","locations":[{"start":{"line":302,"column":43},"end":{"line":302,"column":75},"skip":true},{"start":{"line":302,"column":79},"end":{"line":302,"column":81},"skip":true}]},"25":{"line":305,"type":"if","locations":[{"start":{"line":305,"column":8},"end":{"line":305,"column":8},"skip":true},{"start":{"line":305,"column":8},"end":{"line":305,"column":8},"skip":true}]},"26":{"line":309,"type":"if","locations":[{"start":{"line":309,"column":8},"end":{"line":309,"column":8},"skip":true},{"start":{"line":309,"column":8},"end":{"line":309,"column":8},"skip":true}]},"27":{"line":312,"type":"binary-expr","locations":[{"start":{"line":312,"column":27},"end":{"line":312,"column":43},"skip":true},{"start":{"line":312,"column":47},"end":{"line":312,"column":53},"skip":true}]},"28":{"line":316,"type":"if","locations":[{"start":{"line":316,"column":12},"end":{"line":316,"column":12},"skip":true},{"start":{"line":316,"column":12},"end":{"line":316,"column":12},"skip":true}]}},"code":["/*","example.js","","quickstart example","","instruction","    1. save this script as example.js","    2. run the shell command:","        $ npm install npmtest-twit && PORT=8081 node example.js","    3. play with the browser-demo on http://127.0.0.1:8081","*/","","","","/* istanbul instrument in package npmtest_twit */","/*jslint","    bitwise: true,","    browser: true,","    maxerr: 8,","    maxlen: 96,","    node: true,","    nomen: true,","    regexp: true,","    stupid: true","*/","(function () {","    'use strict';","    var local;","","","","    // run shared js-env code - pre-init","    (function () {","        // init local","        local = {};","        // init modeJs","        local.modeJs = (function () {","            try {","                return typeof navigator.userAgent === 'string' &&","                    typeof document.querySelector('body') === 'object' &&","                    typeof XMLHttpRequest.prototype.open === 'function' &&","                    'browser';","            } catch (errorCaughtBrowser) {","                return module.exports &&","                    typeof process.versions.node === 'string' &&","                    typeof require('http').createServer === 'function' &&","                    'node';","            }","        }());","        // init global","        local.global = local.modeJs === 'browser'","            ? window","            : global;","        // init utility2_rollup","        local = local.global.utility2_rollup || (local.modeJs === 'browser'","            ? local.global.utility2_npmtest_twit","            : global.utility2_moduleExports);","        // export local","        local.global.local = local;","    }());","    switch (local.modeJs) {","","","","    // post-init","    // run browser js-env code - post-init","    /* istanbul ignore next */","    case 'browser':","        local.testRunBrowser = function (event) {","            if (!event || (event &&","                    event.currentTarget &&","                    event.currentTarget.className &&","                    event.currentTarget.className.includes &&","                    event.currentTarget.className.includes('onreset'))) {","                // reset output","                Array.from(","                    document.querySelectorAll('body > .resettable')","                ).forEach(function (element) {","                    switch (element.tagName) {","                    case 'INPUT':","                    case 'TEXTAREA':","                        element.value = '';","                        break;","                    default:","                        element.textContent = '';","                    }","                });","            }","            switch (event && event.currentTarget && event.currentTarget.id) {","            case 'testRunButton1':","                // show tests","                if (document.querySelector('#testReportDiv1').style.display === 'none') {","                    document.querySelector('#testReportDiv1').style.display = 'block';","                    document.querySelector('#testRunButton1').textContent =","                        'hide internal test';","                    local.modeTest = true;","                    local.testRunDefault(local);","                // hide tests","                } else {","                    document.querySelector('#testReportDiv1').style.display = 'none';","                    document.querySelector('#testRunButton1').textContent = 'run internal test';","                }","                break;","            // custom-case","            default:","                break;","            }","            if (document.querySelector('#inputTextareaEval1') && (!event || (event &&","                    event.currentTarget &&","                    event.currentTarget.className &&","                    event.currentTarget.className.includes &&","                    event.currentTarget.className.includes('oneval')))) {","                // try to eval input-code","                try {","                    /*jslint evil: true*/","                    eval(document.querySelector('#inputTextareaEval1').value);","                } catch (errorCaught) {","                    console.error(errorCaught.stack);","                }","            }","        };","        // log stderr and stdout to #outputTextareaStdout1","        ['error', 'log'].forEach(function (key) {","            console[key + '_original'] = console[key];","            console[key] = function () {","                var element;","                console[key + '_original'].apply(console, arguments);","                element = document.querySelector('#outputTextareaStdout1');","                if (!element) {","                    return;","                }","                // append text to #outputTextareaStdout1","                element.value += Array.from(arguments).map(function (arg) {","                    return typeof arg === 'string'","                        ? arg","                        : JSON.stringify(arg, null, 4);","                }).join(' ') + '\\n';","                // scroll textarea to bottom","                element.scrollTop = element.scrollHeight;","            };","        });","        // init event-handling","        ['change', 'click', 'keyup'].forEach(function (event) {","            Array.from(document.querySelectorAll('.on' + event)).forEach(function (element) {","                element.addEventListener(event, local.testRunBrowser);","            });","        });","        // run tests","        local.testRunBrowser();","        break;","","","","    // run node js-env code - post-init","    /* istanbul ignore next */","    case 'node':","        // export local","        module.exports = local;","        // require modules","        local.fs = require('fs');","        local.http = require('http');","        local.url = require('url');","        // init assets","        local.assetsDict = local.assetsDict || {};","        /* jslint-ignore-begin */","        local.assetsDict['/assets.index.template.html'] = '\\","<!doctype html>\\n\\","<html lang=\"en\">\\n\\","<head>\\n\\","<meta charset=\"UTF-8\">\\n\\","<meta name=\"viewport\" content=\"width=device-width, initial-scale=1\">\\n\\","<title>{{env.npm_package_name}} (v{{env.npm_package_version}})</title>\\n\\","<style>\\n\\","/*csslint\\n\\","    box-sizing: false,\\n\\","    universal-selector: false\\n\\","*/\\n\\","* {\\n\\","    box-sizing: border-box;\\n\\","}\\n\\","body {\\n\\","    background: #dde;\\n\\","    font-family: Arial, Helvetica, sans-serif;\\n\\","    margin: 2rem;\\n\\","}\\n\\","body > * {\\n\\","    margin-bottom: 1rem;\\n\\","}\\n\\",".utility2FooterDiv {\\n\\","    margin-top: 20px;\\n\\","    text-align: center;\\n\\","}\\n\\","</style>\\n\\","<style>\\n\\","/*csslint\\n\\","*/\\n\\","textarea {\\n\\","    font-family: monospace;\\n\\","    height: 10rem;\\n\\","    width: 100%;\\n\\","}\\n\\","textarea[readonly] {\\n\\","    background: #ddd;\\n\\","}\\n\\","</style>\\n\\","</head>\\n\\","<body>\\n\\","<!-- utility2-comment\\n\\","<div id=\"ajaxProgressDiv1\" style=\"background: #d00; height: 2px; left: 0; margin: 0; padding: 0; position: fixed; top: 0; transition: background 0.5s, width 1.5s; width: 25%;\"></div>\\n\\","utility2-comment -->\\n\\","<h1>\\n\\","<!-- utility2-comment\\n\\","    <a\\n\\","        {{#if env.npm_package_homepage}}\\n\\","        href=\"{{env.npm_package_homepage}}\"\\n\\","        {{/if env.npm_package_homepage}}\\n\\","        target=\"_blank\"\\n\\","    >\\n\\","utility2-comment -->\\n\\","        {{env.npm_package_name}} (v{{env.npm_package_version}})\\n\\","<!-- utility2-comment\\n\\","    </a>\\n\\","utility2-comment -->\\n\\","</h1>\\n\\","<h3>{{env.npm_package_description}}</h3>\\n\\","<!-- utility2-comment\\n\\","<h4><a download href=\"assets.app.js\">download standalone app</a></h4>\\n\\","<button class=\"onclick onreset\" id=\"testRunButton1\">run internal test</button><br>\\n\\","<div id=\"testReportDiv1\" style=\"display: none;\"></div>\\n\\","utility2-comment -->\\n\\","\\n\\","\\n\\","\\n\\","<label>stderr and stdout</label>\\n\\","<textarea class=\"resettable\" id=\"outputTextareaStdout1\" readonly></textarea>\\n\\","<!-- utility2-comment\\n\\","{{#if isRollup}}\\n\\","<script src=\"assets.app.js\"></script>\\n\\","{{#unless isRollup}}\\n\\","utility2-comment -->\\n\\","<script src=\"assets.utility2.rollup.js\"></script>\\n\\","<script src=\"jsonp.utility2._stateInit?callback=window.utility2._stateInit\"></script>\\n\\","<script src=\"assets.npmtest_twit.rollup.js\"></script>\\n\\","<script src=\"assets.example.js\"></script>\\n\\","<script src=\"assets.test.js\"></script>\\n\\","<!-- utility2-comment\\n\\","{{/if isRollup}}\\n\\","utility2-comment -->\\n\\","<div class=\"utility2FooterDiv\">\\n\\","    [ this app was created with\\n\\","    <a href=\"https://github.com/kaizhu256/node-utility2\" target=\"_blank\">utility2</a>\\n\\","    ]\\n\\","</div>\\n\\","</body>\\n\\","</html>\\n\\","';","        /* jslint-ignore-end */","        if (local.templateRender) {","            local.assetsDict['/'] = local.templateRender(","                local.assetsDict['/assets.index.template.html'],","                {","                    env: local.objectSetDefault(local.env, {","                        npm_package_description: 'the greatest app in the world!',","                        npm_package_name: 'my-app',","                        npm_package_nameAlias: 'my_app',","                        npm_package_version: '0.0.1'","                    })","                }","            );","        } else {","            local.assetsDict['/'] = local.assetsDict['/assets.index.template.html']","                .replace((/\\{\\{env\\.(\\w+?)\\}\\}/g), function (match0, match1) {","                    // jslint-hack","                    String(match0);","                    switch (match1) {","                    case 'npm_package_description':","                        return 'the greatest app in the world!';","                    case 'npm_package_name':","                        return 'my-app';","                    case 'npm_package_nameAlias':","                        return 'my_app';","                    case 'npm_package_version':","                        return '0.0.1';","                    }","                });","        }","        // run the cli","        if (local.global.utility2_rollup || module !== require.main) {","            break;","        }","        local.assetsDict['/assets.example.js'] =","            local.assetsDict['/assets.example.js'] ||","            local.fs.readFileSync(__filename, 'utf8');","        local.assetsDict['/assets.npmtest_twit.rollup.js'] =","            local.assetsDict['/assets.npmtest_twit.rollup.js'] ||","            local.fs.readFileSync(","                // buildCustomOrg-hack","                local.npmtest_twit.__dirname +","                    '/lib.npmtest_twit.js',","                'utf8'","            ).replace((/^#!/), '//');","        local.assetsDict['/favicon.ico'] = local.assetsDict['/favicon.ico'] || '';","        // if $npm_config_timeout_exit exists,","        // then exit this process after $npm_config_timeout_exit ms","        if (Number(process.env.npm_config_timeout_exit)) {","            setTimeout(process.exit, Number(process.env.npm_config_timeout_exit));","        }","        // start server","        if (local.global.utility2_serverHttp1) {","            break;","        }","        process.env.PORT = process.env.PORT || '8081';","        console.error('server starting on port ' + process.env.PORT);","        local.http.createServer(function (request, response) {","            request.urlParsed = local.url.parse(request.url);","            if (local.assetsDict[request.urlParsed.pathname] !== undefined) {","                response.end(local.assetsDict[request.urlParsed.pathname]);","                return;","            }","            response.statusCode = 404;","            response.end();","        }).listen(process.env.PORT);","        break;","    }","}());",""],"l":{"26":2,"28":2,"33":2,"35":2,"37":2,"38":2,"39":2,"44":1,"51":2,"55":2,"59":2,"61":2,"69":1,"70":2,"76":2,"79":2,"82":2,"83":2,"85":1,"89":2,"92":1,"93":1,"94":1,"96":1,"97":1,"100":1,"101":1,"103":1,"106":1,"108":2,"114":1,"116":1,"118":1,"123":1,"124":2,"125":2,"126":2,"127":2,"128":2,"129":2,"130":1,"133":2,"134":2,"139":2,"143":1,"144":3,"145":1,"149":1,"150":1,"158":1,"160":1,"161":1,"162":1,"164":1,"166":1,"258":1,"259":1,"271":1,"274":6,"275":6,"277":1,"279":2,"281":1,"283":2,"288":1,"289":1,"291":1,"294":1,"302":1,"305":1,"306":1,"309":1,"310":1,"312":1,"313":1,"314":1,"315":1,"316":1,"317":1,"318":1,"320":1,"321":1,"323":1}},"/home/travis/build/npmtest/node-npmtest-twit/twit/lib/twitter.js":{"path":"/home/travis/build/npmtest/node-npmtest-twit/twit/lib/twitter.js","s":{"1":1,"2":1,"3":1,"4":1,"5":1,"6":1,"7":1,"8":1,"9":1,"10":1,"11":1,"12":1,"13":1,"14":1,"15":0,"16":0,"17":0,"18":0,"19":0,"20":0,"21":0,"22":1,"23":0,"24":1,"25":0,"26":1,"27":0,"28":0,"29":0,"30":0,"31":0,"32":0,"33":0,"34":0,"35":0,"36":0,"37":0,"38":0,"39":0,"40":0,"41":0,"42":0,"43":0,"44":0,"45":0,"46":0,"47":0,"48":0,"49":0,"50":0,"51":0,"52":0,"53":0,"54":0,"55":0,"56":0,"57":0,"58":0,"59":0,"60":0,"61":0,"62":1,"63":0,"64":0,"65":0,"66":0,"67":0,"68":0,"69":1,"70":0,"71":0,"72":0,"73":0,"74":1,"75":0,"76":0,"77":0,"78":0,"79":0,"80":0,"81":0,"82":0,"83":0,"84":0,"85":0,"86":0,"87":0,"88":0,"89":0,"90":0,"91":0,"92":0,"93":0,"94":0,"95":0,"96":0,"97":0,"98":0,"99":0,"100":0,"101":0,"102":0,"103":0,"104":0,"105":0,"106":0,"107":0,"108":0,"109":0,"110":0,"111":0,"112":0,"113":0,"114":0,"115":0,"116":0,"117":0,"118":0,"119":0,"120":0,"121":0,"122":1,"123":0,"124":0,"125":0,"126":0,"127":0,"128":0,"129":0,"130":0,"131":0,"132":0,"133":0,"134":0,"135":0,"136":0,"137":0,"138":0,"139":0,"140":0,"141":0,"142":0,"143":0,"144":0,"145":0,"146":0,"147":0,"148":0,"149":0,"150":0,"151":0,"152":0,"153":0,"154":0,"155":0,"156":0,"157":0,"158":0,"159":1,"160":0,"161":0,"162":0,"163":0,"164":0,"165":0,"166":0,"167":0,"168":0,"169":0,"170":0,"171":0,"172":1,"173":0,"174":0,"175":0,"176":0,"177":0,"178":0,"179":0,"180":0,"181":0,"182":0,"183":1,"184":0,"185":0,"186":0,"187":0,"188":0,"189":0,"190":0,"191":0,"192":0,"193":1,"194":0,"195":0,"196":0,"197":0,"198":0,"199":0,"200":1,"201":0,"202":1,"203":0,"204":0,"205":0,"206":0,"207":0,"208":0,"209":0,"210":0,"211":0,"212":0,"213":0,"214":0,"215":0,"216":1},"b":{"1":[0,0],"2":[0,0],"3":[0,0],"4":[0,0],"5":[0,0],"6":[0,0],"7":[0,0,0],"8":[0,0],"9":[0,0],"10":[0,0],"11":[0,0],"12":[0,0],"13":[0,0],"14":[0,0,0,0],"15":[0,0],"16":[0,0],"17":[0,0],"18":[0,0],"19":[0,0],"20":[0,0],"21":[0,0],"22":[0,0],"23":[0,0],"24":[0,0],"25":[0,0],"26":[0,0],"27":[0,0],"28":[0,0],"29":[0,0,0],"30":[0,0],"31":[0,0],"32":[0,0],"33":[0,0,0],"34":[0,0],"35":[0,0],"36":[0,0],"37":[0,0],"38":[0,0],"39":[0,0],"40":[0,0],"41":[0,0],"42":[0,0],"43":[0,0],"44":[0,0],"45":[0,0],"46":[0,0]},"f":{"1":0,"2":0,"3":0,"4":0,"5":0,"6":0,"7":0,"8":0,"9":0,"10":0,"11":0,"12":0,"13":0,"14":0,"15":0,"16":0,"17":0,"18":0,"19":0,"20":0,"21":0,"22":0,"23":0,"24":0,"25":0,"26":0,"27":0,"28":0,"29":0,"30":0,"31":0},"fnMap":{"1":{"name":"(anonymous_1)","line":39,"loc":{"start":{"line":39,"column":14},"end":{"line":39,"column":32}}},"2":{"name":"(anonymous_2)","line":60,"loc":{"start":{"line":60,"column":24},"end":{"line":60,"column":58}}},"3":{"name":"(anonymous_3)","line":64,"loc":{"start":{"line":64,"column":25},"end":{"line":64,"column":59}}},"4":{"name":"(anonymous_4)","line":68,"loc":{"start":{"line":68,"column":28},"end":{"line":68,"column":70}}},"5":{"name":"(anonymous_5)","line":77,"loc":{"start":{"line":77,"column":21},"end":{"line":77,"column":48}}},"6":{"name":"(anonymous_6)","line":78,"loc":{"start":{"line":78,"column":29},"end":{"line":78,"column":44}}},"7":{"name":"(anonymous_7)","line":85,"loc":{"start":{"line":85,"column":52},"end":{"line":85,"column":76}}},"8":{"name":"(anonymous_8)","line":93,"loc":{"start":{"line":93,"column":23},"end":{"line":93,"column":35}}},"9":{"name":"(anonymous_9)","line":95,"loc":{"start":{"line":95,"column":61},"end":{"line":95,"column":94}}},"10":{"name":"(anonymous_10)","line":144,"loc":{"start":{"line":144,"column":37},"end":{"line":144,"column":59}}},"11":{"name":"(anonymous_11)","line":155,"loc":{"start":{"line":155,"column":51},"end":{"line":155,"column":67}}},"12":{"name":"(anonymous_12)","line":177,"loc":{"start":{"line":177,"column":34},"end":{"line":177,"column":89}}},"13":{"name":"(anonymous_13)","line":275,"loc":{"start":{"line":275,"column":25},"end":{"line":275,"column":53}}},"14":{"name":"(anonymous_14)","line":296,"loc":{"start":{"line":296,"column":38},"end":{"line":296,"column":88}}},"15":{"name":"(anonymous_15)","line":303,"loc":{"start":{"line":303,"column":26},"end":{"line":303,"column":38}}},"16":{"name":"(anonymous_16)","line":332,"loc":{"start":{"line":332,"column":21},"end":{"line":332,"column":36}}},"17":{"name":"(anonymous_17)","line":336,"loc":{"start":{"line":336,"column":19},"end":{"line":336,"column":36}}},"18":{"name":"(anonymous_18)","line":340,"loc":{"start":{"line":340,"column":18},"end":{"line":340,"column":30}}},"19":{"name":"(anonymous_19)","line":345,"loc":{"start":{"line":345,"column":18},"end":{"line":345,"column":33}}},"20":{"name":"(anonymous_20)","line":373,"loc":{"start":{"line":373,"column":27},"end":{"line":373,"column":51}}},"21":{"name":"(anonymous_21)","line":378,"loc":{"start":{"line":378,"column":49},"end":{"line":378,"column":73}}},"22":{"name":"(anonymous_22)","line":389,"loc":{"start":{"line":389,"column":21},"end":{"line":389,"column":33}}},"23":{"name":"(anonymous_23)","line":403,"loc":{"start":{"line":403,"column":36},"end":{"line":403,"column":56}}},"24":{"name":"(anonymous_24)","line":410,"loc":{"start":{"line":410,"column":2},"end":{"line":410,"column":30}}},"25":{"name":"(anonymous_25)","line":422,"loc":{"start":{"line":422,"column":36},"end":{"line":422,"column":54}}},"26":{"name":"(anonymous_26)","line":425,"loc":{"start":{"line":425,"column":32},"end":{"line":425,"column":47}}},"27":{"name":"(anonymous_27)","line":437,"loc":{"start":{"line":437,"column":28},"end":{"line":437,"column":44}}},"28":{"name":"(anonymous_28)","line":447,"loc":{"start":{"line":447,"column":21},"end":{"line":447,"column":34}}},"29":{"name":"(anonymous_29)","line":455,"loc":{"start":{"line":455,"column":28},"end":{"line":455,"column":40}}},"30":{"name":"(anonymous_30)","line":463,"loc":{"start":{"line":463,"column":43},"end":{"line":463,"column":61}}},"31":{"name":"(anonymous_31)","line":481,"loc":{"start":{"line":481,"column":24},"end":{"line":481,"column":43}}}},"statementMap":{"1":{"start":{"line":4,"column":0},"end":{"line":4,"column":31}},"2":{"start":{"line":5,"column":0},"end":{"line":5,"column":34}},"3":{"start":{"line":6,"column":0},"end":{"line":6,"column":33}},"4":{"start":{"line":7,"column":0},"end":{"line":7,"column":27}},"5":{"start":{"line":8,"column":0},"end":{"line":8,"column":39}},"6":{"start":{"line":9,"column":0},"end":{"line":9,"column":46}},"7":{"start":{"line":10,"column":0},"end":{"line":10,"column":35}},"8":{"start":{"line":11,"column":0},"end":{"line":11,"column":67}},"9":{"start":{"line":12,"column":0},"end":{"line":12,"column":78}},"10":{"start":{"line":15,"column":0},"end":{"line":18,"column":2}},"11":{"start":{"line":21,"column":0},"end":{"line":24,"column":3}},"12":{"start":{"line":26,"column":0},"end":{"line":30,"column":2}},"13":{"start":{"line":32,"column":0},"end":{"line":34,"column":1}},"14":{"start":{"line":39,"column":0},"end":{"line":58,"column":1}},"15":{"start":{"line":40,"column":2},"end":{"line":42,"column":3}},"16":{"start":{"line":41,"column":4},"end":{"line":41,"column":31}},"17":{"start":{"line":44,"column":2},"end":{"line":44,"column":17}},"18":{"start":{"line":45,"column":2},"end":{"line":53,"column":3}},"19":{"start":{"line":55,"column":2},"end":{"line":55,"column":38}},"20":{"start":{"line":56,"column":2},"end":{"line":56,"column":23}},"21":{"start":{"line":57,"column":2},"end":{"line":57,"column":45}},"22":{"start":{"line":60,"column":0},"end":{"line":62,"column":1}},"23":{"start":{"line":61,"column":2},"end":{"line":61,"column":52}},"24":{"start":{"line":64,"column":0},"end":{"line":66,"column":1}},"25":{"start":{"line":65,"column":2},"end":{"line":65,"column":53}},"26":{"start":{"line":68,"column":0},"end":{"line":127,"column":1}},"27":{"start":{"line":69,"column":2},"end":{"line":69,"column":18}},"28":{"start":{"line":70,"column":2},"end":{"line":70,"column":46}},"29":{"start":{"line":72,"column":2},"end":{"line":75,"column":3}},"30":{"start":{"line":73,"column":4},"end":{"line":73,"column":21}},"31":{"start":{"line":74,"column":4},"end":{"line":74,"column":15}},"32":{"start":{"line":77,"column":2},"end":{"line":126,"column":5}},"33":{"start":{"line":78,"column":4},"end":{"line":83,"column":5}},"34":{"start":{"line":79,"column":6},"end":{"line":81,"column":7}},"35":{"start":{"line":80,"column":8},"end":{"line":80,"column":34}},"36":{"start":{"line":82,"column":6},"end":{"line":82,"column":18}},"37":{"start":{"line":85,"column":4},"end":{"line":125,"column":7}},"38":{"start":{"line":86,"column":6},"end":{"line":89,"column":7}},"39":{"start":{"line":87,"column":8},"end":{"line":87,"column":32}},"40":{"start":{"line":88,"column":8},"end":{"line":88,"column":14}},"41":{"start":{"line":91,"column":6},"end":{"line":91,"column":62}},"42":{"start":{"line":93,"column":6},"end":{"line":124,"column":8}},"43":{"start":{"line":95,"column":8},"end":{"line":123,"column":10}},"44":{"start":{"line":96,"column":10},"end":{"line":96,"column":52}},"45":{"start":{"line":98,"column":10},"end":{"line":115,"column":11}},"46":{"start":{"line":99,"column":12},"end":{"line":105,"column":13}},"47":{"start":{"line":101,"column":14},"end":{"line":101,"column":73}},"48":{"start":{"line":102,"column":14},"end":{"line":102,"column":100}},"49":{"start":{"line":103,"column":14},"end":{"line":103,"column":38}},"50":{"start":{"line":104,"column":14},"end":{"line":104,"column":21}},"51":{"start":{"line":106,"column":12},"end":{"line":106,"column":75}},"52":{"start":{"line":107,"column":12},"end":{"line":107,"column":76}},"53":{"start":{"line":108,"column":12},"end":{"line":114,"column":13}},"54":{"start":{"line":109,"column":14},"end":{"line":110,"column":83}},"55":{"start":{"line":111,"column":14},"end":{"line":111,"column":42}},"56":{"start":{"line":112,"column":14},"end":{"line":112,"column":38}},"57":{"start":{"line":113,"column":14},"end":{"line":113,"column":21}},"58":{"start":{"line":117,"column":10},"end":{"line":119,"column":11}},"59":{"start":{"line":118,"column":12},"end":{"line":118,"column":44}},"60":{"start":{"line":121,"column":10},"end":{"line":121,"column":52}},"61":{"start":{"line":122,"column":10},"end":{"line":122,"column":17}},"62":{"start":{"line":144,"column":0},"end":{"line":153,"column":1}},"63":{"start":{"line":145,"column":2},"end":{"line":145,"column":18}},"64":{"start":{"line":146,"column":2},"end":{"line":151,"column":3}},"65":{"start":{"line":147,"column":4},"end":{"line":147,"column":54}},"66":{"start":{"line":149,"column":4},"end":{"line":149,"column":12}},"67":{"start":{"line":150,"column":4},"end":{"line":150,"column":11}},"68":{"start":{"line":152,"column":2},"end":{"line":152,"column":26}},"69":{"start":{"line":155,"column":0},"end":{"line":163,"column":1}},"70":{"start":{"line":156,"column":2},"end":{"line":156,"column":18}},"71":{"start":{"line":157,"column":2},"end":{"line":162,"column":3}},"72":{"start":{"line":160,"column":4},"end":{"line":160,"column":61}},"73":{"start":{"line":161,"column":4},"end":{"line":161,"column":72}},"74":{"start":{"line":177,"column":0},"end":{"line":286,"column":1}},"75":{"start":{"line":178,"column":2},"end":{"line":178,"column":17}},"76":{"start":{"line":179,"column":2},"end":{"line":181,"column":3}},"77":{"start":{"line":180,"column":4},"end":{"line":180,"column":15}},"78":{"start":{"line":183,"column":2},"end":{"line":183,"column":54}},"79":{"start":{"line":185,"column":2},"end":{"line":185,"column":53}},"80":{"start":{"line":186,"column":2},"end":{"line":186,"column":33}},"81":{"start":{"line":189,"column":2},"end":{"line":196,"column":3}},"82":{"start":{"line":198,"column":2},"end":{"line":200,"column":3}},"83":{"start":{"line":199,"column":4},"end":{"line":199,"column":45}},"84":{"start":{"line":202,"column":2},"end":{"line":208,"column":3}},"85":{"start":{"line":204,"column":4},"end":{"line":204,"column":56}},"86":{"start":{"line":206,"column":4},"end":{"line":206,"column":27}},"87":{"start":{"line":207,"column":4},"end":{"line":207,"column":10}},"88":{"start":{"line":210,"column":2},"end":{"line":248,"column":3}},"89":{"start":{"line":212,"column":4},"end":{"line":212,"column":22}},"90":{"start":{"line":214,"column":2},"end":{"line":248,"column":3}},"91":{"start":{"line":217,"column":4},"end":{"line":220,"column":5}},"92":{"start":{"line":221,"column":4},"end":{"line":221,"column":68}},"93":{"start":{"line":222,"column":4},"end":{"line":222,"column":43}},"94":{"start":{"line":226,"column":4},"end":{"line":231,"column":5}},"95":{"start":{"line":228,"column":6},"end":{"line":228,"column":60}},"96":{"start":{"line":230,"column":6},"end":{"line":230,"column":57}},"97":{"start":{"line":233,"column":4},"end":{"line":247,"column":5}},"98":{"start":{"line":234,"column":6},"end":{"line":234,"column":62}},"99":{"start":{"line":235,"column":6},"end":{"line":235,"column":33}},"100":{"start":{"line":238,"column":6},"end":{"line":238,"column":23}},"101":{"start":{"line":239,"column":11},"end":{"line":247,"column":5}},"102":{"start":{"line":240,"column":6},"end":{"line":240,"column":59}},"103":{"start":{"line":241,"column":6},"end":{"line":241,"column":26}},"104":{"start":{"line":242,"column":6},"end":{"line":242,"column":33}},"105":{"start":{"line":244,"column":6},"end":{"line":244,"column":23}},"106":{"start":{"line":246,"column":6},"end":{"line":246,"column":59}},"107":{"start":{"line":250,"column":2},"end":{"line":255,"column":3}},"108":{"start":{"line":253,"column":4},"end":{"line":253,"column":49}},"109":{"start":{"line":254,"column":4},"end":{"line":254,"column":27}},"110":{"start":{"line":257,"column":2},"end":{"line":285,"column":3}},"111":{"start":{"line":260,"column":4},"end":{"line":260,"column":71}},"112":{"start":{"line":262,"column":4},"end":{"line":268,"column":5}},"113":{"start":{"line":270,"column":4},"end":{"line":270,"column":28}},"114":{"start":{"line":271,"column":4},"end":{"line":271,"column":11}},"115":{"start":{"line":275,"column":4},"end":{"line":284,"column":6}},"116":{"start":{"line":276,"column":6},"end":{"line":279,"column":7}},"117":{"start":{"line":277,"column":8},"end":{"line":277,"column":27}},"118":{"start":{"line":278,"column":8},"end":{"line":278,"column":14}},"119":{"start":{"line":281,"column":6},"end":{"line":281,"column":65}},"120":{"start":{"line":282,"column":6},"end":{"line":282,"column":29}},"121":{"start":{"line":283,"column":6},"end":{"line":283,"column":12}},"122":{"start":{"line":296,"column":0},"end":{"line":363,"column":1}},"123":{"start":{"line":297,"column":2},"end":{"line":297,"column":53}},"124":{"start":{"line":298,"column":2},"end":{"line":298,"column":36}},"125":{"start":{"line":300,"column":2},"end":{"line":300,"column":16}},"126":{"start":{"line":301,"column":2},"end":{"line":301,"column":22}},"127":{"start":{"line":303,"column":2},"end":{"line":330,"column":3}},"128":{"start":{"line":304,"column":4},"end":{"line":316,"column":5}},"129":{"start":{"line":305,"column":6},"end":{"line":315,"column":7}},"130":{"start":{"line":306,"column":8},"end":{"line":306,"column":31}},"131":{"start":{"line":310,"column":8},"end":{"line":310,"column":107}},"132":{"start":{"line":311,"column":8},"end":{"line":311,"column":62}},"133":{"start":{"line":312,"column":8},"end":{"line":312,"column":65}},"134":{"start":{"line":313,"column":8},"end":{"line":313,"column":38}},"135":{"start":{"line":314,"column":8},"end":{"line":314,"column":14}},"136":{"start":{"line":318,"column":4},"end":{"line":326,"column":5}},"137":{"start":{"line":321,"column":6},"end":{"line":321,"column":58}},"138":{"start":{"line":322,"column":6},"end":{"line":322,"column":60}},"139":{"start":{"line":323,"column":6},"end":{"line":323,"column":47}},"140":{"start":{"line":324,"column":6},"end":{"line":324,"column":36}},"141":{"start":{"line":325,"column":6},"end":{"line":325,"column":12}},"142":{"start":{"line":329,"column":4},"end":{"line":329,"column":33}},"143":{"start":{"line":332,"column":2},"end":{"line":343,"column":4}},"144":{"start":{"line":333,"column":4},"end":{"line":333,"column":18}},"145":{"start":{"line":336,"column":4},"end":{"line":338,"column":6}},"146":{"start":{"line":337,"column":6},"end":{"line":337,"column":36}},"147":{"start":{"line":340,"column":4},"end":{"line":342,"column":6}},"148":{"start":{"line":341,"column":6},"end":{"line":341,"column":25}},"149":{"start":{"line":345,"column":2},"end":{"line":362,"column":4}},"150":{"start":{"line":347,"column":4},"end":{"line":361,"column":5}},"151":{"start":{"line":351,"column":6},"end":{"line":351,"column":51}},"152":{"start":{"line":352,"column":6},"end":{"line":352,"column":13}},"153":{"start":{"line":355,"column":6},"end":{"line":355,"column":27}},"154":{"start":{"line":356,"column":6},"end":{"line":356,"column":21}},"155":{"start":{"line":357,"column":6},"end":{"line":357,"column":25}},"156":{"start":{"line":358,"column":6},"end":{"line":358,"column":46}},"157":{"start":{"line":359,"column":6},"end":{"line":359,"column":36}},"158":{"start":{"line":360,"column":6},"end":{"line":360,"column":13}},"159":{"start":{"line":373,"column":0},"end":{"line":395,"column":1}},"160":{"start":{"line":374,"column":2},"end":{"line":374,"column":18}},"161":{"start":{"line":375,"column":2},"end":{"line":375,"column":58}},"162":{"start":{"line":377,"column":2},"end":{"line":377,"column":56}},"163":{"start":{"line":378,"column":2},"end":{"line":392,"column":4}},"164":{"start":{"line":379,"column":4},"end":{"line":384,"column":5}},"165":{"start":{"line":382,"column":6},"end":{"line":382,"column":44}},"166":{"start":{"line":383,"column":6},"end":{"line":383,"column":12}},"167":{"start":{"line":386,"column":4},"end":{"line":386,"column":41}},"168":{"start":{"line":387,"column":4},"end":{"line":387,"column":49}},"169":{"start":{"line":389,"column":4},"end":{"line":391,"column":6}},"170":{"start":{"line":390,"column":6},"end":{"line":390,"column":33}},"171":{"start":{"line":394,"column":2},"end":{"line":394,"column":28}},"172":{"start":{"line":403,"column":0},"end":{"line":420,"column":1}},"173":{"start":{"line":404,"column":2},"end":{"line":404,"column":18}},"174":{"start":{"line":405,"column":2},"end":{"line":407,"column":3}},"175":{"start":{"line":406,"column":4},"end":{"line":406,"column":44}},"176":{"start":{"line":409,"column":2},"end":{"line":419,"column":4}},"177":{"start":{"line":411,"column":4},"end":{"line":415,"column":5}},"178":{"start":{"line":413,"column":6},"end":{"line":413,"column":26}},"179":{"start":{"line":414,"column":6},"end":{"line":414,"column":13}},"180":{"start":{"line":416,"column":4},"end":{"line":416,"column":36}},"181":{"start":{"line":417,"column":4},"end":{"line":417,"column":38}},"182":{"start":{"line":418,"column":4},"end":{"line":418,"column":11}},"183":{"start":{"line":422,"column":0},"end":{"line":435,"column":1}},"184":{"start":{"line":423,"column":2},"end":{"line":423,"column":25}},"185":{"start":{"line":424,"column":2},"end":{"line":433,"column":3}},"186":{"start":{"line":425,"column":4},"end":{"line":430,"column":6}},"187":{"start":{"line":426,"column":6},"end":{"line":426,"column":29}},"188":{"start":{"line":428,"column":6},"end":{"line":429,"column":41}},"189":{"start":{"line":429,"column":8},"end":{"line":429,"column":41}},"190":{"start":{"line":431,"column":9},"end":{"line":433,"column":3}},"191":{"start":{"line":432,"column":4},"end":{"line":432,"column":19}},"192":{"start":{"line":434,"column":2},"end":{"line":434,"column":19}},"193":{"start":{"line":437,"column":0},"end":{"line":453,"column":1}},"194":{"start":{"line":438,"column":2},"end":{"line":438,"column":17}},"195":{"start":{"line":439,"column":2},"end":{"line":444,"column":4}},"196":{"start":{"line":447,"column":2},"end":{"line":451,"column":4}},"197":{"start":{"line":448,"column":4},"end":{"line":450,"column":5}},"198":{"start":{"line":449,"column":6},"end":{"line":449,"column":30}},"199":{"start":{"line":452,"column":2},"end":{"line":452,"column":43}},"200":{"start":{"line":455,"column":0},"end":{"line":457,"column":1}},"201":{"start":{"line":456,"column":2},"end":{"line":456,"column":20}},"202":{"start":{"line":463,"column":0},"end":{"line":487,"column":1}},"203":{"start":{"line":465,"column":2},"end":{"line":467,"column":3}},"204":{"start":{"line":466,"column":4},"end":{"line":466,"column":70}},"205":{"start":{"line":469,"column":2},"end":{"line":471,"column":3}},"206":{"start":{"line":470,"column":4},"end":{"line":470,"column":102}},"207":{"start":{"line":473,"column":2},"end":{"line":479,"column":3}},"208":{"start":{"line":474,"column":4},"end":{"line":474,"column":35}},"209":{"start":{"line":475,"column":4},"end":{"line":475,"column":45}},"210":{"start":{"line":477,"column":4},"end":{"line":477,"column":31}},"211":{"start":{"line":478,"column":4},"end":{"line":478,"column":46}},"212":{"start":{"line":481,"column":2},"end":{"line":486,"column":4}},"213":{"start":{"line":482,"column":4},"end":{"line":485,"column":5}},"214":{"start":{"line":483,"column":6},"end":{"line":483,"column":99}},"215":{"start":{"line":484,"column":6},"end":{"line":484,"column":30}},"216":{"start":{"line":489,"column":0},"end":{"line":489,"column":24}}},"branchMap":{"1":{"line":40,"type":"if","locations":[{"start":{"line":40,"column":2},"end":{"line":40,"column":2}},{"start":{"line":40,"column":2},"end":{"line":40,"column":2}}]},"2":{"line":70,"type":"binary-expr","locations":[{"start":{"line":70,"column":9},"end":{"line":70,"column":24}},{"start":{"line":70,"column":28},"end":{"line":70,"column":44}}]},"3":{"line":72,"type":"if","locations":[{"start":{"line":72,"column":2},"end":{"line":72,"column":2}},{"start":{"line":72,"column":2},"end":{"line":72,"column":2}}]},"4":{"line":79,"type":"if","locations":[{"start":{"line":79,"column":6},"end":{"line":79,"column":6}},{"start":{"line":79,"column":6},"end":{"line":79,"column":6}}]},"5":{"line":79,"type":"binary-expr","locations":[{"start":{"line":79,"column":10},"end":{"line":79,"column":18}},{"start":{"line":79,"column":22},"end":{"line":79,"column":52}}]},"6":{"line":86,"type":"if","locations":[{"start":{"line":86,"column":6},"end":{"line":86,"column":6}},{"start":{"line":86,"column":6},"end":{"line":86,"column":6}}]},"7":{"line":91,"type":"binary-expr","locations":[{"start":{"line":91,"column":25},"end":{"line":91,"column":31}},{"start":{"line":91,"column":35},"end":{"line":91,"column":54}},{"start":{"line":91,"column":59},"end":{"line":91,"column":61}}]},"8":{"line":98,"type":"if","locations":[{"start":{"line":98,"column":10},"end":{"line":98,"column":10}},{"start":{"line":98,"column":10},"end":{"line":98,"column":10}}]},"9":{"line":99,"type":"if","locations":[{"start":{"line":99,"column":12},"end":{"line":99,"column":12}},{"start":{"line":99,"column":12},"end":{"line":99,"column":12}}]},"10":{"line":108,"type":"if","locations":[{"start":{"line":108,"column":12},"end":{"line":108,"column":12}},{"start":{"line":108,"column":12},"end":{"line":108,"column":12}}]},"11":{"line":117,"type":"if","locations":[{"start":{"line":117,"column":10},"end":{"line":117,"column":10}},{"start":{"line":117,"column":10},"end":{"line":117,"column":10}}]},"12":{"line":117,"type":"binary-expr","locations":[{"start":{"line":117,"column":14},"end":{"line":117,"column":22}},{"start":{"line":117,"column":26},"end":{"line":117,"column":56}}]},"13":{"line":157,"type":"if","locations":[{"start":{"line":157,"column":2},"end":{"line":157,"column":2}},{"start":{"line":157,"column":2},"end":{"line":157,"column":2}}]},"14":{"line":157,"type":"binary-expr","locations":[{"start":{"line":157,"column":6},"end":{"line":157,"column":10}},{"start":{"line":157,"column":14},"end":{"line":157,"column":26}},{"start":{"line":157,"column":30},"end":{"line":157,"column":47}},{"start":{"line":158,"column":6},"end":{"line":158,"column":63}}]},"15":{"line":179,"type":"if","locations":[{"start":{"line":179,"column":2},"end":{"line":179,"column":2}},{"start":{"line":179,"column":2},"end":{"line":179,"column":2}}]},"16":{"line":198,"type":"if","locations":[{"start":{"line":198,"column":2},"end":{"line":198,"column":2}},{"start":{"line":198,"column":2},"end":{"line":198,"column":2}}]},"17":{"line":210,"type":"if","locations":[{"start":{"line":210,"column":2},"end":{"line":210,"column":2}},{"start":{"line":210,"column":2},"end":{"line":210,"column":2}}]},"18":{"line":214,"type":"if","locations":[{"start":{"line":214,"column":2},"end":{"line":214,"column":2}},{"start":{"line":214,"column":2},"end":{"line":214,"column":2}}]},"19":{"line":221,"type":"binary-expr","locations":[{"start":{"line":221,"column":19},"end":{"line":221,"column":44}},{"start":{"line":221,"column":48},"end":{"line":221,"column":68}}]},"20":{"line":226,"type":"if","locations":[{"start":{"line":226,"column":4},"end":{"line":226,"column":4}},{"start":{"line":226,"column":4},"end":{"line":226,"column":4}}]},"21":{"line":233,"type":"if","locations":[{"start":{"line":233,"column":4},"end":{"line":233,"column":4}},{"start":{"line":233,"column":4},"end":{"line":233,"column":4}}]},"22":{"line":239,"type":"if","locations":[{"start":{"line":239,"column":11},"end":{"line":239,"column":11}},{"start":{"line":239,"column":11},"end":{"line":239,"column":11}}]},"23":{"line":250,"type":"if","locations":[{"start":{"line":250,"column":2},"end":{"line":250,"column":2}},{"start":{"line":250,"column":2},"end":{"line":250,"column":2}}]},"24":{"line":257,"type":"if","locations":[{"start":{"line":257,"column":2},"end":{"line":257,"column":2}},{"start":{"line":257,"column":2},"end":{"line":257,"column":2}}]},"25":{"line":276,"type":"if","locations":[{"start":{"line":276,"column":6},"end":{"line":276,"column":6}},{"start":{"line":276,"column":6},"end":{"line":276,"column":6}}]},"26":{"line":304,"type":"if","locations":[{"start":{"line":304,"column":4},"end":{"line":304,"column":4}},{"start":{"line":304,"column":4},"end":{"line":304,"column":4}}]},"27":{"line":311,"type":"cond-expr","locations":[{"start":{"line":311,"column":36},"end":{"line":311,"column":55}},{"start":{"line":311,"column":57},"end":{"line":311,"column":61}}]},"28":{"line":318,"type":"if","locations":[{"start":{"line":318,"column":4},"end":{"line":318,"column":4}},{"start":{"line":318,"column":4},"end":{"line":318,"column":4}}]},"29":{"line":318,"type":"binary-expr","locations":[{"start":{"line":318,"column":8},"end":{"line":318,"column":32}},{"start":{"line":318,"column":37},"end":{"line":318,"column":47}},{"start":{"line":318,"column":51},"end":{"line":318,"column":62}}]},"30":{"line":322,"type":"cond-expr","locations":[{"start":{"line":322,"column":34},"end":{"line":322,"column":53}},{"start":{"line":322,"column":55},"end":{"line":322,"column":59}}]},"31":{"line":347,"type":"if","locations":[{"start":{"line":347,"column":4},"end":{"line":347,"column":4}},{"start":{"line":347,"column":4},"end":{"line":347,"column":4}}]},"32":{"line":347,"type":"binary-expr","locations":[{"start":{"line":347,"column":8},"end":{"line":347,"column":25}},{"start":{"line":348,"column":8},"end":{"line":348,"column":63}}]},"33":{"line":375,"type":"binary-expr","locations":[{"start":{"line":375,"column":21},"end":{"line":375,"column":27}},{"start":{"line":375,"column":31},"end":{"line":375,"column":50}},{"start":{"line":375,"column":55},"end":{"line":375,"column":57}}]},"34":{"line":379,"type":"if","locations":[{"start":{"line":379,"column":4},"end":{"line":379,"column":4}},{"start":{"line":379,"column":4},"end":{"line":379,"column":4}}]},"35":{"line":405,"type":"if","locations":[{"start":{"line":405,"column":2},"end":{"line":405,"column":2}},{"start":{"line":405,"column":2},"end":{"line":405,"column":2}}]},"36":{"line":411,"type":"if","locations":[{"start":{"line":411,"column":4},"end":{"line":411,"column":4}},{"start":{"line":411,"column":4},"end":{"line":411,"column":4}}]},"37":{"line":424,"type":"if","locations":[{"start":{"line":424,"column":2},"end":{"line":424,"column":2}},{"start":{"line":424,"column":2},"end":{"line":424,"column":2}}]},"38":{"line":424,"type":"binary-expr","locations":[{"start":{"line":424,"column":6},"end":{"line":424,"column":12}},{"start":{"line":424,"column":16},"end":{"line":424,"column":42}}]},"39":{"line":428,"type":"if","locations":[{"start":{"line":428,"column":6},"end":{"line":428,"column":6}},{"start":{"line":428,"column":6},"end":{"line":428,"column":6}}]},"40":{"line":431,"type":"if","locations":[{"start":{"line":431,"column":9},"end":{"line":431,"column":9}},{"start":{"line":431,"column":9},"end":{"line":431,"column":9}}]},"41":{"line":448,"type":"if","locations":[{"start":{"line":448,"column":4},"end":{"line":448,"column":4}},{"start":{"line":448,"column":4},"end":{"line":448,"column":4}}]},"42":{"line":465,"type":"if","locations":[{"start":{"line":465,"column":2},"end":{"line":465,"column":2}},{"start":{"line":465,"column":2},"end":{"line":465,"column":2}}]},"43":{"line":469,"type":"if","locations":[{"start":{"line":469,"column":2},"end":{"line":469,"column":2}},{"start":{"line":469,"column":2},"end":{"line":469,"column":2}}]},"44":{"line":469,"type":"binary-expr","locations":[{"start":{"line":469,"column":6},"end":{"line":469,"column":46}},{"start":{"line":469,"column":50},"end":{"line":469,"column":82}}]},"45":{"line":473,"type":"if","locations":[{"start":{"line":473,"column":2},"end":{"line":473,"column":2}},{"start":{"line":473,"column":2},"end":{"line":473,"column":2}}]},"46":{"line":482,"type":"if","locations":[{"start":{"line":482,"column":4},"end":{"line":482,"column":4}},{"start":{"line":482,"column":4},"end":{"line":482,"column":4}}]}},"code":["//","//  Twitter API Wrapper","//","var assert = require('assert');","var Promise = require('bluebird');","var request = require('request');","var util = require('util');","var endpoints = require('./endpoints');","var FileUploader = require('./file_uploader');","var helpers = require('./helpers');","var StreamingAPIConnection = require('./streaming-api-connection');","var STATUS_CODES_TO_ABORT_ON = require('./settings').STATUS_CODES_TO_ABORT_ON;","","// config values required for app-only auth","var required_for_app_auth = [","  'consumer_key',","  'consumer_secret'","];","","// config values required for user auth (superset of app-only auth)","var required_for_user_auth = required_for_app_auth.concat([","  'access_token',","  'access_token_secret'","]);","","var FORMDATA_PATHS = [","  'media/upload',","  'account/update_profile_image',","  'account/update_profile_background_image',","];","","var JSONPAYLOAD_PATHS = [","  'media/metadata/create'","]","","//","//  Twitter","//","var Twitter = function (config) {","  if (!(this instanceof Twitter)) {","    return new Twitter(config);","  }","","  var self = this","  var credentials = {","    consumer_key        : config.consumer_key,","    consumer_secret     : config.consumer_secret,","    // access_token and access_token_secret only required for user auth","    access_token        : config.access_token,","    access_token_secret : config.access_token_secret,","    // flag indicating whether requests should be made with application-only auth","    app_only_auth       : config.app_only_auth,","  }","","  this._validateConfigOrThrow(config);","  this.config = config;","  this._twitter_time_minus_local_time_ms = 0;","}","","Twitter.prototype.get = function (path, params, callback) {","  return this.request('GET', path, params, callback)","}","","Twitter.prototype.post = function (path, params, callback) {","  return this.request('POST', path, params, callback)","}","","Twitter.prototype.request = function (method, path, params, callback) {","  var self = this;","  assert(method == 'GET' || method == 'POST');","  // if no `params` is specified but a callback is, use default params","  if (typeof params === 'function') {","    callback = params","    params = {}","  }","","  return new Promise(function (resolve, reject) {","    var _returnErrorToUser = function (err) {","      if (callback && typeof callback === 'function') {","        callback(err, null, null);","      }","      reject(err);","    }","","    self._buildReqOpts(method, path, params, false, function (err, reqOpts) {","      if (err) {","        _returnErrorToUser(err);"," 
[...]
 to the http.IncomingMessage instance","    this.response.removeAllListeners();","    this.response.destroy();","  }","","  if (this.parser) {","    this.parser.removeAllListeners()","  }","","  // ensure a scheduled reconnect does not occur (if one was scheduled)","  // this can happen if we get a close event before .stop() is called","  clearTimeout(this._scheduledReconnect)","  delete this._scheduledReconnect","","  // clear our stall abort timeout","  this._stopStallAbortTimeout()","}","","/**"," * Resets the parameters used in determining the next reconnect time"," */","StreamingAPIConnection.prototype._resetRetryParams = function () {","  // delay for next reconnection attempt","  this._connectInterval = 0","  // flag indicating whether we used a 0-delay reconnect","  this._usedFirstReconnect = false","}","","StreamingAPIConnection.prototype._startPersistentConnection = function () {","  var self = this;","  self._resetConnection();","  self._setupParser();","  self._resetStallAbortTimeout();","  self._setOauthTimestamp();","  self.request = request.post(this.reqOpts);","  self.emit('connect', self.request);","  self.request.on('response', function (response) {","    self._updateOauthTimestampOffsetFromResponse(response)","    // reset our reconnection attempt flag so next attempt goes through with 0 delay","    // if we get a transport-level error","    self._usedFirstReconnect = false;","    // start a stall abort timeout handle","    self._resetStallAbortTimeout();","    self.response = response","    if (STATUS_CODES_TO_ABORT_ON.indexOf(self.response.statusCode) !== -1) {","      // We got a status code telling us we should abort the connection.","      // Read the body from the response and return an error to the user.","      var body = '';","      var compressedBody = '';","","      self.response.on('data', function (chunk) {","        compressedBody += chunk.toString('utf8');","      })","","      var gunzip = zlib.createGunzip();","      self.response.pipe(gunzip);","      gunzip.on('data', function (chunk) {","        body += chunk.toString('utf8')","      })","","      gunzip.on('end', function () {","        try {","          body = JSON.parse(body)","        } catch (jsonDecodeError) {","          // Twitter may send an HTML body","          // if non-JSON text was returned, we'll just attach it to the error as-is","        }","        // surface the error to the user","        var error = helpers.makeTwitError('Bad Twitter streaming request: ' + self.response.statusCode)","        error.statusCode = response ? response.statusCode: null;","        helpers.attachBodyInfoToError(error, body)","        self.emit('error', error);","        // stop the stream explicitly so we don't reconnect","        self.stop()","        body = null;","      });","      gunzip.on('error', function (err) {","        // If Twitter sends us back an uncompressed HTTP response, gzip will error out.","        // Handle this by emitting an error with the uncompressed response body.","        var errMsg = 'Gzip error: ' + err.message;","        var twitErr = helpers.makeTwitError(errMsg);","        twitErr.statusCode = self.response.statusCode;","        helpers.attachBodyInfoToError(twitErr, compressedBody);","        self.emit('parser-error', twitErr);","      });","    } else if (self.response.statusCode === 420) {","      // close the connection forcibly so a reconnect is scheduled by `self.onClose()`","      self._scheduleReconnect();","    } else {","      // We got an OK status code - the response should be valid.","      // Read the body from the response and return to the user.","      var gunzip = zlib.createGunzip();","      self.response.pipe(gunzip);","","      //pass all response data to parser","      gunzip.on('data', function (chunk) {","        self._connectInterval = 0","        // stop stall timer, and start a new one","        self._resetStallAbortTimeout();","        self.parser.parse(chunk.toString('utf8'));","      });","","      gunzip.on('close', self._onClose.bind(self))","      gunzip.on('error', function (err) {","        self.emit('error', err);","      })","      self.response.on('error', function (err) {","        // expose response errors on twit instance","        self.emit('error', err);","      })","","      // connected without an error response from Twitter, emit `connected` event","      // this must be emitted after all its event handlers are bound","      // so the reference to `self.response` is not interfered-with by the user until it is emitted","      self.emit('connected', self.response);","    }","  });","  self.request.on('close', self._onClose.bind(self));","  self.request.on('error', function (err) { self._scheduleReconnect.bind(self) });","  return self;","}","","/**"," * Handle when the request or response closes."," * Schedule a reconnect according to Twitter's reconnect guidelines"," *"," */","StreamingAPIConnection.prototype._onClose = function () {","  var self = this;","  self._stopStallAbortTimeout();","  if (self._scheduledReconnect) {","    // if we already have a reconnect scheduled, don't schedule another one.","    // this race condition can happen if the http.ClientRequest and http.IncomingMessage both emit `close`","    return","  }","","  self._scheduleReconnect();","}","","/**"," * Kick off the http request, and persist the connection"," *"," */","StreamingAPIConnection.prototype.start = function () {","  this._resetRetryParams();","  this._startPersistentConnection();","  return this;","}","","/**"," * Abort the http request, stop scheduled reconnect (if one was scheduled) and clear state"," *"," */","StreamingAPIConnection.prototype.stop = function () {","  // clear connection variables and timeout handles","  this._resetConnection();","  this._resetRetryParams();","  return this;","}","","/**"," * Stop and restart the stall abort timer (called when new data is received)"," *"," * If we go 90s without receiving data from twitter, we abort the request & reconnect."," */","StreamingAPIConnection.prototype._resetStallAbortTimeout = function () {","  var self = this;","  // stop the previous stall abort timer","  self._stopStallAbortTimeout();","  //start a new 90s timeout to trigger a close & reconnect if no data received","  self._stallAbortTimeout = setTimeout(function () {","    self._scheduleReconnect()","  }, 90000);","  return this;","}","","/**"," * Stop stall timeout"," *"," */","StreamingAPIConnection.prototype._stopStallAbortTimeout = function () {","  clearTimeout(this._stallAbortTimeout);","  // mark the timer as `null` so it is clear via introspection that the timeout is not scheduled","  delete this._stallAbortTimeout;","  return this;","}","","/**"," * Computes the next time a reconnect should occur (based on the last HTTP response received)"," * and starts a timeout handle to begin reconnecting after `self._connectInterval` passes."," *"," * @return {Undefined}"," */","StreamingAPIConnection.prototype._scheduleReconnect = function () {","  var self = this;","  if (self.response && self.response.statusCode === 420) {","    // we are being rate limited","    // start with a 1 minute wait and double each attempt","    if (!self._connectInterval) {","      self._connectInterval = 60000;","    } else {","      self._connectInterval *= 2;","    }","  } else if (self.response && String(self.response.statusCode).charAt(0) === '5') {","    // twitter 5xx errors","    // start with a 5s wait, double each attempt up to 320s","    if (!self._connectInterval) {","      self._connectInterval = 5000;","    } else if (self._connectInterval < 320000) {","      self._connectInterval *= 2;","    } else {","      self._connectInterval = 320000;","    }","  } else {","    // we did not get an HTTP response from our last connection attempt.","    // DNS/TCP error, or a stall in the stream (and stall timer closed the connection)","    if (!self._usedFirstReconnect) {","      // first reconnection attempt on a valid connection should occur immediately","      self._connectInterval = 0;","      self._usedFirstReconnect = true;","    } else if (self._connectInterval < 16000) {","      // linearly increase delay by 250ms up to 16s","      self._connectInterval += 250;","    } else {","      // cap out reconnect interval at 16s","      self._connectInterval = 16000;","    }","  }","","  // schedule the reconnect","  self._scheduledReconnect = setTimeout(function () {","    self._startPersistentConnection();","  }, self._connectInterval);","  self.emit('reconnect', self.request, self.response, self._connectInterval);","}","","StreamingAPIConnection.prototype._setupParser = function () {","  var self = this","  self.parser = new Parser()","","  // handle twitter objects as they come in - emit the generic `message` event","  // along with the specific event corresponding to the message","  self.parser.on('element', function (msg) {","    self.emit('message', msg)","","    if      (msg.delete)          { self.emit('delete', msg) }","    else if (msg.disconnect)      { self._handleDisconnect(msg) }","    else if (msg.limit)           { self.emit('limit', msg) }","    else if (msg.scrub_geo)       { self.emit('scrub_geo', msg) }","    else if (msg.warning)         { self.emit('warning', msg) }","    else if (msg.status_withheld) { self.emit('status_withheld', msg) }","    else if (msg.user_withheld)   { self.emit('user_withheld', msg) }","    else if (msg.friends || msg.friends_str) { self.emit('friends', msg) }","    else if (msg.direct_message)  { self.emit('direct_message', msg) }","    else if (msg.event)           {","      self.emit('user_event', msg)","      // reference: https://dev.twitter.com/docs/streaming-apis/messages#User_stream_messages","      var ev = msg.event","","      if      (ev === 'blocked')                { self.emit('blocked', msg) }","      else if (ev === 'unblocked')              { self.emit('unblocked', msg) }","      else if (ev === 'favorite')               { self.emit('favorite', msg) }","      else if (ev === 'unfavorite')             { self.emit('unfavorite', msg) }","      else if (ev === 'follow')                 { self.emit('follow', msg) }","      else if (ev === 'unfollow')               { self.emit('unfollow', msg) }","      else if (ev === 'mute')                   { self.emit('mute', msg) }","      else if (ev === 'unmute')                 { self.emit('unmute', msg) }","      else if (ev === 'user_update')            { self.emit('user_update', msg) }","      else if (ev === 'list_created')           { self.emit('list_created', msg) }","      else if (ev === 'list_destroyed')         { self.emit('list_destroyed', msg) }","      else if (ev === 'list_updated')           { self.emit('list_updated', msg) }","      else if (ev === 'list_member_added')      { self.emit('list_member_added', msg) }","      else if (ev === 'list_member_removed')    { self.emit('list_member_removed', msg) }","      else if (ev === 'list_user_subscribed')   { self.emit('list_user_subscribed', msg) }","      else if (ev === 'list_user_unsubscribed') { self.emit('list_user_unsubscribed', msg) }","      else if (ev === 'quoted_tweet')           { self.emit('quoted_tweet', msg) }","      else if (ev === 'favorited_retweet')      { self.emit('favorited_retweet', msg) }","      else if (ev === 'retweeted_retweet')      { self.emit('retweeted_retweet', msg) }","      else                                      { self.emit('unknown_user_event', msg) }","    } else                                      { self.emit('tweet', msg) }","  })","","  self.parser.on('error', function (err) {","    self.emit('parser-error', err)","  });","  self.parser.on('connection-limit-exceeded', function (err) {","    self.emit('error', err);","  })","}","","StreamingAPIConnection.prototype._handleDisconnect = function (twitterMsg) {","  this.emit('disconnect', twitterMsg);","  this.stop();","}","","/**"," * Call whenever an http request is about to be made to update"," * our local timestamp (used for Oauth) to be Twitter's server time."," *"," */","StreamingAPIConnection.prototype._setOauthTimestamp = function () {","  var self = this;","  if (self.reqOpts.oauth) {","    var oauth_ts = Date.now() + self._twitter_time_minus_local_time_ms;","    self.reqOpts.oauth.timestamp = Math.floor(oauth_ts/1000).toString();","  }","}","","/**"," * Call whenever an http response is received from Twitter,"," * to set our local timestamp offset from Twitter's server time."," * This is used to set the Oauth timestamp for our next http request"," * to Twitter (by calling _setOauthTimestamp)."," *"," * @param  {http.IncomingResponse} resp   http response received from Twitter."," */","StreamingAPIConnection.prototype._updateOauthTimestampOffsetFromResponse = function (resp) {","  if (resp && resp.headers && resp.headers.date &&","      new Date(resp.headers.date).toString() !== 'Invalid Date'","  ) {","    var twitterTimeMs = new Date(resp.headers.date).getTime()","    this._twitter_time_minus_local_time_ms = twitterTimeMs - Date.now();","  }","}","","module.exports = StreamingAPIConnection",""],"l":{"2":1,"3":1,"5":1,"6":1,"7":1,"8":1,"10":1,"12":1,"13":0,"14":0,"15":0,"16":0,"19":1,"27":1,"28":0,"30":0,"31":0,"34":0,"36":0,"37":0,"40":0,"41":0,"46":0,"47":0,"50":0,"56":1,"58":0,"60":0,"63":1,"64":0,"65":0,"66":0,"67":0,"68":0,"69":0,"70":0,"71":0,"72":0,"75":0,"77":0,"78":0,"79":0,"82":0,"83":0,"85":0,"86":0,"89":0,"90":0,"91":0,"92":0,"95":0,"96":0,"97":0,"103":0,"104":0,"105":0,"106":0,"108":0,"109":0,"111":0,"114":0,"115":0,"116":0,"117":0,"118":0,"120":0,"122":0,"126":0,"127":0,"130":0,"131":0,"133":0,"134":0,"137":0,"138":0,"139":0,"141":0,"143":0,"149":0,"152":0,"153":0,"154":0,"162":1,"163":0,"164":0,"165":0,"168":0,"171":0,"178":1,"179":0,"180":0,"181":0,"188":1,"190":0,"191":0,"192":0,"200":1,"201":0,"203":0,"205":0,"206":0,"208":0,"215":1,"216":0,"218":0,"219":0,"228":1,"229":0,"230":0,"233":0,"234":0,"236":0,"238":0,"241":0,"242":0,"243":0,"244":0,"246":0,"251":0,"253":0,"254":0,"255":0,"257":0,"260":0,"265":0,"266":0,"268":0,"271":1,"272":0,"273":0,"277":0,"278":0,"280":0,"281":0,"282":0,"283":0,"284":0,"285":0,"286":0,"287":0,"288":0,"289":0,"290":0,"292":0,"294":0,"295":0,"296":0,"297":0,"298":0,"299":0,"300":0,"301":0,"302":0,"303":0,"304":0,"305":0,"306":0,"307":0,"308":0,"309":0,"310":0,"311":0,"312":0,"313":0,"314":0,"317":0,"318":0,"320":0,"321":0,"325":1,"326":0,"327":0,"335":1,"336":0,"337":0,"338":0,"339":0,"351":1,"352":0,"355":0,"356":0,"360":1}},"/home/travis/build/npmtest/node-npmtest-twit/twit/lib/parser.js":{"path":"/home/travis/build/npmtest/node-npmtest-twit/twit/lib/parser.js","s":{"1":1,"2":1,"3":0,"4":0,"5":1,"6":1,"7":0,"8":0,"9":0,"10":0,"11":0,"12":0,"13":0,"14":0,"15":0,"16":0,"17":0,"18":0,"19":0,"20":0,"21":0,"22":0,"23":0,"24":0,"25":0,"26":0,"27":0,"28":0},"b":{"1":[0,0],"2":[0,0],"3":[0,0],"4":[0,0],"5":[0,0]},"f":{"1":0,"2":0},"fnMap":{"1":{"name":"(anonymous_1)","line":7,"loc":{"start":{"line":7,"column":30},"end":{"line":7,"column":43}}},"2":{"name":"(anonymous_2)","line":15,"loc":{"start":{"line":15,"column":25},"end":{"line":15,"column":42}}}},"statementMap":{"1":{"start":{"line":4,"column":0},"end":{"line":5,"column":50}},"2":{"start":{"line":7,"column":0},"end":{"line":11,"column":2}},"3":{"start":{"line":8,"column":2},"end":{"line":8,"column":19}},"4":{"start":{"line":10,"column":2},"end":{"line":10,"column":26}},"5":{"start":{"line":13,"column":0},"end":{"line":13,"column":36}},"6":{"start":{"line":15,"column":0},"end":{"line":56,"column":2}},"7":{"start":{"line":16,"column":2},"end":{"line":16,"column":24}},"8":{"start":{"line":17,"column":2},"end":{"line":17,"column":23}},"9":{"start":{"line":19,"column":2},"end":{"line":23,"column":11}},"10":{"start":{"line":25,"column":2},"end":{"line":53,"column":3}},"11":{"start":{"line":26,"column":4},"end":{"line":26,"column":25}},"12":{"start":{"line":27,"column":4},"end":{"line":27,"column":29}},"13":{"start":{"line":29,"column":4},"end":{"line":51,"column":5}},"14":{"start":{"line":30,"column":6},"end":{"line":30,"column":45}},"15":{"start":{"line":31,"column":6},"end":{"line":31,"column":26}},"16":{"start":{"line":33,"column":6},"end":{"line":33,"column":38}},"17":{"start":{"line":33,"column":27},"end":{"line":33,"column":36}},"18":{"start":{"line":35,"column":6},"end":{"line":39,"column":7}},"19":{"start":{"line":36,"column":8},"end":{"line":37,"column":113}},"20":{"start":{"line":38,"column":8},"end":{"line":38,"column":17}},"21":{"start":{"line":41,"column":6},"end":{"line":50,"column":7}},"22":{"start":{"line":42,"column":8},"end":{"line":42,"column":35}},"23":{"start":{"line":44,"column":8},"end":{"line":44,"column":107}},"24":{"start":{"line":46,"column":8},"end":{"line":47,"column":35}},"25":{"start":{"line":47,"column":10},"end":{"line":47,"column":35}},"26":{"start":{"line":49,"column":8},"end":{"line":49,"column":16}},"27":{"start":{"line":52,"column":4},"end":{"line":52,"column":13}},"28":{"start":{"line":55,"column":2},"end":{"line":55,"column":42}}},"branchMap":{"1":{"line":29,"type":"if","locations":[{"start":{"line":29,"column":4},"end":{"line":29,"column":4}},{"start":{"line":29,"column":4},"end":{"line":29,"column":4}}]},"2":{"line":29,"type":"binary-expr","locations":[{"start":{"line":29,"column":8},"end":{"line":29,"column":21}},{"start":{"line":29,"column":25},"end":{"line":29,"column":38}}]},"3":{"line":33,"type":"if","locations":[{"start":{"line":33,"column":6},"end":{"line":33,"column":6}},{"start":{"line":33,"column":6},"end":{"line":33,"column":6}}]},"4":{"line":35,"type":"if","locations":[{"start":{"line":35,"column":6},"end":{"line":35,"column":6}},{"start":{"line":35,"column":6},"end":{"line":35,"column":6}}]},"5":{"line":46,"type":"if","locations":[{"start":{"line":46,"column":8},"end":{"line":46,"column":8}},{"start":{"line":46,"column":8},"end":{"line":46,"column":8}}]}},"code":["//","//  Parser - for Twitter Streaming API","//","var util = require('util')","  , EventEmitter = require('events').EventEmitter;","","var Parser = module.exports = function ()  {","  this.message = ''","","  EventEmitter.call(this);","};","","util.inherits(Parser, EventEmitter);","","Parser.prototype.parse = function (chunk) {","  this.message += chunk;","  chunk = this.message;","","  var size = chunk.length","    , start = 0","    , offset = 0","    , curr","    , next;","","  while (offset < size) {","    curr = chunk[offset];","    next = chunk[offset + 1];","","    if (curr === '\\r' && next === '\\n') {","      var piece = chunk.slice(start, offset);","      start = offset += 2;","","      if (!piece.length) { continue; } //empty object","","      if (piece === 'Exceeded connection limit for user') {","        this.emit('connection-limit-exceeded',","                  new Error('Twitter says: ' + piece + '. Only instantiate one stream per set of credentials.'));","        continue;","      }","","      try {","        var msg = JSON.parse(piece)","      } catch (err) {","        this.emit('error', new Error('Error parsing twitter reply: `'+piece+'`, error message `'+err+'`'));","      } finally {","        if (msg)","          this.emit('element', msg)","","        continue","      }","    }","    offset++;","  }","","  this.message = chunk.slice(start, size);","};",""],"l":{"4":1,"7":1,"8":0,"10":0,"13":1,"15":1,"16":0,"17":0,"19":0,"25":0,"26":0,"27":0,"29":0,"30":0,"31":0,"33":0,"35":0,"36":0,"38":0,"41":0,"42":0,"44":0,"46":0,"47":0,"49":0,"52":0,"55":0}},"/home/travis/build/npmtest/node-npmtest-twit/twit/lib/settings.js":{"path":"/home/travis/build/npmtest/node-npmtest-twit/twit/lib/settings.js","s":{"1":1},"b":{},"f":{},"fnMap":{},"statementMap":{"1":{"start":{"line":2,"column":0},"end":{"line":2,"column":73}}},"branchMap":{},"code":["// set of status codes where we don't attempt reconnecting to Twitter","exports.STATUS_CODES_TO_ABORT_ON = [ 400, 401, 403, 404, 406, 410, 422 ];"],"l":{"2":1}}}